ARM GAS  C:\Users\pc\AppData\Local\Temp\ccBE34YR.s 			page 1


   1              		.syntax unified
   2              		.cpu cortex-m3
   3              		.fpu softvfp
   4              		.eabi_attribute 20, 1
   5              		.eabi_attribute 21, 1
   6              		.eabi_attribute 23, 3
   7              		.eabi_attribute 24, 1
   8              		.eabi_attribute 25, 1
   9              		.eabi_attribute 26, 1
  10              		.eabi_attribute 30, 1
  11              		.eabi_attribute 34, 1
  12              		.eabi_attribute 18, 4
  13              		.thumb
  14              		.syntax unified
  15              		.file	"InterruptRoutines.c"
  16              		.text
  17              	.Ltext0:
  18              		.cfi_sections	.debug_frame
  19              		.section	.text.Custom_TIMER_ISR,"ax",%progbits
  20              		.align	2
  21              		.global	Custom_TIMER_ISR
  22              		.thumb
  23              		.thumb_func
  24              		.type	Custom_TIMER_ISR, %function
  25              	Custom_TIMER_ISR:
  26              	.LFB63:
  27              		.file 1 "InterruptRoutines.c"
   1:InterruptRoutines.c **** /* ========================================
   2:InterruptRoutines.c ****  *
   3:InterruptRoutines.c ****  * Copyright YOUR COMPANY, THE YEAR
   4:InterruptRoutines.c ****  * All Rights Reserved
   5:InterruptRoutines.c ****  * UNPUBLISHED, LICENSED SOFTWARE.
   6:InterruptRoutines.c ****  *
   7:InterruptRoutines.c ****  * CONFIDENTIAL AND PROPRIETARY INFORMATION
   8:InterruptRoutines.c ****  * WHICH IS THE PROPERTY OF your company.
   9:InterruptRoutines.c ****  *
  10:InterruptRoutines.c ****  * ========================================
  11:InterruptRoutines.c **** */
  12:InterruptRoutines.c **** #include "project.h"
  13:InterruptRoutines.c **** #include "InterruptRoutines.h"
  14:InterruptRoutines.c **** /* Since we want to sample the sensor output at a frequency 
  15:InterruptRoutines.c ****    of 100Hz, the timer is set to generate an Interrupt service
  16:InterruptRoutines.c ****    routine every 10ms. The isr will change the value of volatile
  17:InterruptRoutines.c ****    flag_ready0 variable to 1 leading to the reading of the sensor
  18:InterruptRoutines.c ****    output in main function.                                     */
  19:InterruptRoutines.c **** _VOLATILE  uint8 flag_ready0; // Global variable that keeps memory of the led blinkin pattern state
  20:InterruptRoutines.c **** CY_ISR(Custom_TIMER_ISR)
  21:InterruptRoutines.c **** {
  28              		.loc 1 21 0
  29              		.cfi_startproc
  30              		@ args = 0, pretend = 0, frame = 0
  31              		@ frame_needed = 0, uses_anonymous_args = 0
  32 0000 08B5     		push	{r3, lr}
  33              		.cfi_def_cfa_offset 8
  34              		.cfi_offset 3, -8
  35              		.cfi_offset 14, -4
  22:InterruptRoutines.c ****     Timer_ReadStatusRegister();
ARM GAS  C:\Users\pc\AppData\Local\Temp\ccBE34YR.s 			page 2


  36              		.loc 1 22 0
  37 0002 FFF7FEFF 		bl	Timer_ReadStatusRegister
  38              	.LVL0:
  23:InterruptRoutines.c ****     flag_ready0=1;
  39              		.loc 1 23 0
  40 0006 0122     		movs	r2, #1
  41 0008 014B     		ldr	r3, .L3
  42 000a 1A70     		strb	r2, [r3]
  43 000c 08BD     		pop	{r3, pc}
  44              	.L4:
  45 000e 00BF     		.align	2
  46              	.L3:
  47 0010 00000000 		.word	flag_ready0
  48              		.cfi_endproc
  49              	.LFE63:
  50              		.size	Custom_TIMER_ISR, .-Custom_TIMER_ISR
  51              		.comm	flag_ready0,1,1
  52              		.text
  53              	.Letext0:
  54              		.file 2 "c:\\program files (x86)\\cypress\\psoc creator\\4.3\\psoc creator\\import\\gnu\\arm\\5.4.
  55              		.file 3 "c:\\program files (x86)\\cypress\\psoc creator\\4.3\\psoc creator\\import\\gnu\\arm\\5.4.
  56              		.file 4 "Generated_Source\\PSoC5/cytypes.h"
  57              		.file 5 "Generated_Source\\PSoC5/core_cm3.h"
  58              		.file 6 "Generated_Source\\PSoC5/Timer.h"
  59              		.section	.debug_info,"",%progbits
  60              	.Ldebug_info0:
  61 0000 FE000000 		.4byte	0xfe
  62 0004 0400     		.2byte	0x4
  63 0006 00000000 		.4byte	.Ldebug_abbrev0
  64 000a 04       		.byte	0x4
  65 000b 01       		.uleb128 0x1
  66 000c 6C000000 		.4byte	.LASF19
  67 0010 0C       		.byte	0xc
  68 0011 30010000 		.4byte	.LASF20
  69 0015 00000000 		.4byte	.LASF21
  70 0019 00000000 		.4byte	.Ldebug_ranges0+0
  71 001d 00000000 		.4byte	0
  72 0021 00000000 		.4byte	.Ldebug_line0
  73 0025 02       		.uleb128 0x2
  74 0026 01       		.byte	0x1
  75 0027 06       		.byte	0x6
  76 0028 94010000 		.4byte	.LASF0
  77 002c 02       		.uleb128 0x2
  78 002d 01       		.byte	0x1
  79 002e 08       		.byte	0x8
  80 002f 44010000 		.4byte	.LASF1
  81 0033 02       		.uleb128 0x2
  82 0034 02       		.byte	0x2
  83 0035 05       		.byte	0x5
  84 0036 BC010000 		.4byte	.LASF2
  85 003a 02       		.uleb128 0x2
  86 003b 02       		.byte	0x2
  87 003c 07       		.byte	0x7
  88 003d 3B000000 		.4byte	.LASF3
  89 0041 03       		.uleb128 0x3
  90 0042 AC010000 		.4byte	.LASF9
  91 0046 02       		.byte	0x2
ARM GAS  C:\Users\pc\AppData\Local\Temp\ccBE34YR.s 			page 3


  92 0047 3F       		.byte	0x3f
  93 0048 4C000000 		.4byte	0x4c
  94 004c 02       		.uleb128 0x2
  95 004d 04       		.byte	0x4
  96 004e 05       		.byte	0x5
  97 004f 57010000 		.4byte	.LASF4
  98 0053 02       		.uleb128 0x2
  99 0054 04       		.byte	0x4
 100 0055 07       		.byte	0x7
 101 0056 60010000 		.4byte	.LASF5
 102 005a 02       		.uleb128 0x2
 103 005b 08       		.byte	0x8
 104 005c 05       		.byte	0x5
 105 005d 79010000 		.4byte	.LASF6
 106 0061 02       		.uleb128 0x2
 107 0062 08       		.byte	0x8
 108 0063 07       		.byte	0x7
 109 0064 19010000 		.4byte	.LASF7
 110 0068 04       		.uleb128 0x4
 111 0069 04       		.byte	0x4
 112 006a 05       		.byte	0x5
 113 006b 696E7400 		.ascii	"int\000"
 114 006f 02       		.uleb128 0x2
 115 0070 04       		.byte	0x4
 116 0071 07       		.byte	0x7
 117 0072 4E000000 		.4byte	.LASF8
 118 0076 03       		.uleb128 0x3
 119 0077 C6010000 		.4byte	.LASF10
 120 007b 03       		.byte	0x3
 121 007c 2C       		.byte	0x2c
 122 007d 41000000 		.4byte	0x41
 123 0081 05       		.uleb128 0x5
 124 0082 FA000000 		.4byte	.LASF11
 125 0086 04       		.byte	0x4
 126 0087 E401     		.2byte	0x1e4
 127 0089 2C000000 		.4byte	0x2c
 128 008d 02       		.uleb128 0x2
 129 008e 04       		.byte	0x4
 130 008f 04       		.byte	0x4
 131 0090 B6010000 		.4byte	.LASF12
 132 0094 02       		.uleb128 0x2
 133 0095 08       		.byte	0x8
 134 0096 04       		.byte	0x4
 135 0097 72010000 		.4byte	.LASF13
 136 009b 02       		.uleb128 0x2
 137 009c 01       		.byte	0x1
 138 009d 08       		.byte	0x8
 139 009e 52010000 		.4byte	.LASF14
 140 00a2 06       		.uleb128 0x6
 141 00a3 81000000 		.4byte	0x81
 142 00a7 02       		.uleb128 0x2
 143 00a8 08       		.byte	0x8
 144 00a9 04       		.byte	0x4
 145 00aa A0010000 		.4byte	.LASF15
 146 00ae 02       		.uleb128 0x2
 147 00af 04       		.byte	0x4
 148 00b0 07       		.byte	0x7
ARM GAS  C:\Users\pc\AppData\Local\Temp\ccBE34YR.s 			page 4


 149 00b1 DA010000 		.4byte	.LASF16
 150 00b5 07       		.uleb128 0x7
 151 00b6 5B000000 		.4byte	.LASF22
 152 00ba 01       		.byte	0x1
 153 00bb 14       		.byte	0x14
 154 00bc 00000000 		.4byte	.LFB63
 155 00c0 14000000 		.4byte	.LFE63-.LFB63
 156 00c4 01       		.uleb128 0x1
 157 00c5 9C       		.byte	0x9c
 158 00c6 D4000000 		.4byte	0xd4
 159 00ca 08       		.uleb128 0x8
 160 00cb 06000000 		.4byte	.LVL0
 161 00cf F6000000 		.4byte	0xf6
 162 00d3 00       		.byte	0
 163 00d4 09       		.uleb128 0x9
 164 00d5 87010000 		.4byte	.LASF17
 165 00d9 05       		.byte	0x5
 166 00da 1207     		.2byte	0x712
 167 00dc E0000000 		.4byte	0xe0
 168 00e0 06       		.uleb128 0x6
 169 00e1 76000000 		.4byte	0x76
 170 00e5 0A       		.uleb128 0xa
 171 00e6 CE010000 		.4byte	.LASF18
 172 00ea 01       		.byte	0x1
 173 00eb 13       		.byte	0x13
 174 00ec A2000000 		.4byte	0xa2
 175 00f0 05       		.uleb128 0x5
 176 00f1 03       		.byte	0x3
 177 00f2 00000000 		.4byte	flag_ready0
 178 00f6 0B       		.uleb128 0xb
 179 00f7 00010000 		.4byte	.LASF23
 180 00fb 00010000 		.4byte	.LASF23
 181 00ff 06       		.byte	0x6
 182 0100 5E       		.byte	0x5e
 183 0101 00       		.byte	0
 184              		.section	.debug_abbrev,"",%progbits
 185              	.Ldebug_abbrev0:
 186 0000 01       		.uleb128 0x1
 187 0001 11       		.uleb128 0x11
 188 0002 01       		.byte	0x1
 189 0003 25       		.uleb128 0x25
 190 0004 0E       		.uleb128 0xe
 191 0005 13       		.uleb128 0x13
 192 0006 0B       		.uleb128 0xb
 193 0007 03       		.uleb128 0x3
 194 0008 0E       		.uleb128 0xe
 195 0009 1B       		.uleb128 0x1b
 196 000a 0E       		.uleb128 0xe
 197 000b 55       		.uleb128 0x55
 198 000c 17       		.uleb128 0x17
 199 000d 11       		.uleb128 0x11
 200 000e 01       		.uleb128 0x1
 201 000f 10       		.uleb128 0x10
 202 0010 17       		.uleb128 0x17
 203 0011 00       		.byte	0
 204 0012 00       		.byte	0
 205 0013 02       		.uleb128 0x2
ARM GAS  C:\Users\pc\AppData\Local\Temp\ccBE34YR.s 			page 5


 206 0014 24       		.uleb128 0x24
 207 0015 00       		.byte	0
 208 0016 0B       		.uleb128 0xb
 209 0017 0B       		.uleb128 0xb
 210 0018 3E       		.uleb128 0x3e
 211 0019 0B       		.uleb128 0xb
 212 001a 03       		.uleb128 0x3
 213 001b 0E       		.uleb128 0xe
 214 001c 00       		.byte	0
 215 001d 00       		.byte	0
 216 001e 03       		.uleb128 0x3
 217 001f 16       		.uleb128 0x16
 218 0020 00       		.byte	0
 219 0021 03       		.uleb128 0x3
 220 0022 0E       		.uleb128 0xe
 221 0023 3A       		.uleb128 0x3a
 222 0024 0B       		.uleb128 0xb
 223 0025 3B       		.uleb128 0x3b
 224 0026 0B       		.uleb128 0xb
 225 0027 49       		.uleb128 0x49
 226 0028 13       		.uleb128 0x13
 227 0029 00       		.byte	0
 228 002a 00       		.byte	0
 229 002b 04       		.uleb128 0x4
 230 002c 24       		.uleb128 0x24
 231 002d 00       		.byte	0
 232 002e 0B       		.uleb128 0xb
 233 002f 0B       		.uleb128 0xb
 234 0030 3E       		.uleb128 0x3e
 235 0031 0B       		.uleb128 0xb
 236 0032 03       		.uleb128 0x3
 237 0033 08       		.uleb128 0x8
 238 0034 00       		.byte	0
 239 0035 00       		.byte	0
 240 0036 05       		.uleb128 0x5
 241 0037 16       		.uleb128 0x16
 242 0038 00       		.byte	0
 243 0039 03       		.uleb128 0x3
 244 003a 0E       		.uleb128 0xe
 245 003b 3A       		.uleb128 0x3a
 246 003c 0B       		.uleb128 0xb
 247 003d 3B       		.uleb128 0x3b
 248 003e 05       		.uleb128 0x5
 249 003f 49       		.uleb128 0x49
 250 0040 13       		.uleb128 0x13
 251 0041 00       		.byte	0
 252 0042 00       		.byte	0
 253 0043 06       		.uleb128 0x6
 254 0044 35       		.uleb128 0x35
 255 0045 00       		.byte	0
 256 0046 49       		.uleb128 0x49
 257 0047 13       		.uleb128 0x13
 258 0048 00       		.byte	0
 259 0049 00       		.byte	0
 260 004a 07       		.uleb128 0x7
 261 004b 2E       		.uleb128 0x2e
 262 004c 01       		.byte	0x1
ARM GAS  C:\Users\pc\AppData\Local\Temp\ccBE34YR.s 			page 6


 263 004d 3F       		.uleb128 0x3f
 264 004e 19       		.uleb128 0x19
 265 004f 03       		.uleb128 0x3
 266 0050 0E       		.uleb128 0xe
 267 0051 3A       		.uleb128 0x3a
 268 0052 0B       		.uleb128 0xb
 269 0053 3B       		.uleb128 0x3b
 270 0054 0B       		.uleb128 0xb
 271 0055 27       		.uleb128 0x27
 272 0056 19       		.uleb128 0x19
 273 0057 11       		.uleb128 0x11
 274 0058 01       		.uleb128 0x1
 275 0059 12       		.uleb128 0x12
 276 005a 06       		.uleb128 0x6
 277 005b 40       		.uleb128 0x40
 278 005c 18       		.uleb128 0x18
 279 005d 9742     		.uleb128 0x2117
 280 005f 19       		.uleb128 0x19
 281 0060 01       		.uleb128 0x1
 282 0061 13       		.uleb128 0x13
 283 0062 00       		.byte	0
 284 0063 00       		.byte	0
 285 0064 08       		.uleb128 0x8
 286 0065 898201   		.uleb128 0x4109
 287 0068 00       		.byte	0
 288 0069 11       		.uleb128 0x11
 289 006a 01       		.uleb128 0x1
 290 006b 31       		.uleb128 0x31
 291 006c 13       		.uleb128 0x13
 292 006d 00       		.byte	0
 293 006e 00       		.byte	0
 294 006f 09       		.uleb128 0x9
 295 0070 34       		.uleb128 0x34
 296 0071 00       		.byte	0
 297 0072 03       		.uleb128 0x3
 298 0073 0E       		.uleb128 0xe
 299 0074 3A       		.uleb128 0x3a
 300 0075 0B       		.uleb128 0xb
 301 0076 3B       		.uleb128 0x3b
 302 0077 05       		.uleb128 0x5
 303 0078 49       		.uleb128 0x49
 304 0079 13       		.uleb128 0x13
 305 007a 3F       		.uleb128 0x3f
 306 007b 19       		.uleb128 0x19
 307 007c 3C       		.uleb128 0x3c
 308 007d 19       		.uleb128 0x19
 309 007e 00       		.byte	0
 310 007f 00       		.byte	0
 311 0080 0A       		.uleb128 0xa
 312 0081 34       		.uleb128 0x34
 313 0082 00       		.byte	0
 314 0083 03       		.uleb128 0x3
 315 0084 0E       		.uleb128 0xe
 316 0085 3A       		.uleb128 0x3a
 317 0086 0B       		.uleb128 0xb
 318 0087 3B       		.uleb128 0x3b
 319 0088 0B       		.uleb128 0xb
ARM GAS  C:\Users\pc\AppData\Local\Temp\ccBE34YR.s 			page 7


 320 0089 49       		.uleb128 0x49
 321 008a 13       		.uleb128 0x13
 322 008b 3F       		.uleb128 0x3f
 323 008c 19       		.uleb128 0x19
 324 008d 02       		.uleb128 0x2
 325 008e 18       		.uleb128 0x18
 326 008f 00       		.byte	0
 327 0090 00       		.byte	0
 328 0091 0B       		.uleb128 0xb
 329 0092 2E       		.uleb128 0x2e
 330 0093 00       		.byte	0
 331 0094 3F       		.uleb128 0x3f
 332 0095 19       		.uleb128 0x19
 333 0096 3C       		.uleb128 0x3c
 334 0097 19       		.uleb128 0x19
 335 0098 6E       		.uleb128 0x6e
 336 0099 0E       		.uleb128 0xe
 337 009a 03       		.uleb128 0x3
 338 009b 0E       		.uleb128 0xe
 339 009c 3A       		.uleb128 0x3a
 340 009d 0B       		.uleb128 0xb
 341 009e 3B       		.uleb128 0x3b
 342 009f 0B       		.uleb128 0xb
 343 00a0 00       		.byte	0
 344 00a1 00       		.byte	0
 345 00a2 00       		.byte	0
 346              		.section	.debug_aranges,"",%progbits
 347 0000 1C000000 		.4byte	0x1c
 348 0004 0200     		.2byte	0x2
 349 0006 00000000 		.4byte	.Ldebug_info0
 350 000a 04       		.byte	0x4
 351 000b 00       		.byte	0
 352 000c 0000     		.2byte	0
 353 000e 0000     		.2byte	0
 354 0010 00000000 		.4byte	.LFB63
 355 0014 14000000 		.4byte	.LFE63-.LFB63
 356 0018 00000000 		.4byte	0
 357 001c 00000000 		.4byte	0
 358              		.section	.debug_ranges,"",%progbits
 359              	.Ldebug_ranges0:
 360 0000 00000000 		.4byte	.LFB63
 361 0004 14000000 		.4byte	.LFE63
 362 0008 00000000 		.4byte	0
 363 000c 00000000 		.4byte	0
 364              		.section	.debug_line,"",%progbits
 365              	.Ldebug_line0:
 366 0000 7B010000 		.section	.debug_str,"MS",%progbits,1
 366      02006401 
 366      00000201 
 366      FB0E0D00 
 366      01010101 
 367              	.LASF21:
 368 0000 433A5C55 		.ascii	"C:\\Users\\pc\\Desktop\\a\\PSoC_03\\AY1920_II_HW_05"
 368      73657273 
 368      5C70635C 
 368      4465736B 
 368      746F705C 
ARM GAS  C:\Users\pc\AppData\Local\Temp\ccBE34YR.s 			page 8


 369 002d 5F50524F 		.ascii	"_PROJ_2.cydsn\000"
 369      4A5F322E 
 369      63796473 
 369      6E00
 370              	.LASF3:
 371 003b 73686F72 		.ascii	"short unsigned int\000"
 371      7420756E 
 371      7369676E 
 371      65642069 
 371      6E7400
 372              	.LASF8:
 373 004e 756E7369 		.ascii	"unsigned int\000"
 373      676E6564 
 373      20696E74 
 373      00
 374              	.LASF22:
 375 005b 43757374 		.ascii	"Custom_TIMER_ISR\000"
 375      6F6D5F54 
 375      494D4552 
 375      5F495352 
 375      00
 376              	.LASF19:
 377 006c 474E5520 		.ascii	"GNU C11 5.4.1 20160609 (release) [ARM/embedded-5-br"
 377      43313120 
 377      352E342E 
 377      31203230 
 377      31363036 
 378 009f 616E6368 		.ascii	"anch revision 237715] -mcpu=cortex-m3 -mthumb -g -O"
 378      20726576 
 378      6973696F 
 378      6E203233 
 378      37373135 
 379 00d2 67202D66 		.ascii	"g -ffunction-sections -ffat-lto-objects\000"
 379      66756E63 
 379      74696F6E 
 379      2D736563 
 379      74696F6E 
 380              	.LASF11:
 381 00fa 75696E74 		.ascii	"uint8\000"
 381      3800
 382              	.LASF23:
 383 0100 54696D65 		.ascii	"Timer_ReadStatusRegister\000"
 383      725F5265 
 383      61645374 
 383      61747573 
 383      52656769 
 384              	.LASF7:
 385 0119 6C6F6E67 		.ascii	"long long unsigned int\000"
 385      206C6F6E 
 385      6720756E 
 385      7369676E 
 385      65642069 
 386              	.LASF20:
 387 0130 496E7465 		.ascii	"InterruptRoutines.c\000"
 387      72727570 
 387      74526F75 
 387      74696E65 
ARM GAS  C:\Users\pc\AppData\Local\Temp\ccBE34YR.s 			page 9


 387      732E6300 
 388              	.LASF1:
 389 0144 756E7369 		.ascii	"unsigned char\000"
 389      676E6564 
 389      20636861 
 389      7200
 390              	.LASF14:
 391 0152 63686172 		.ascii	"char\000"
 391      00
 392              	.LASF4:
 393 0157 6C6F6E67 		.ascii	"long int\000"
 393      20696E74 
 393      00
 394              	.LASF5:
 395 0160 6C6F6E67 		.ascii	"long unsigned int\000"
 395      20756E73 
 395      69676E65 
 395      6420696E 
 395      7400
 396              	.LASF13:
 397 0172 646F7562 		.ascii	"double\000"
 397      6C6500
 398              	.LASF6:
 399 0179 6C6F6E67 		.ascii	"long long int\000"
 399      206C6F6E 
 399      6720696E 
 399      7400
 400              	.LASF17:
 401 0187 49544D5F 		.ascii	"ITM_RxBuffer\000"
 401      52784275 
 401      66666572 
 401      00
 402              	.LASF0:
 403 0194 7369676E 		.ascii	"signed char\000"
 403      65642063 
 403      68617200 
 404              	.LASF15:
 405 01a0 6C6F6E67 		.ascii	"long double\000"
 405      20646F75 
 405      626C6500 
 406              	.LASF9:
 407 01ac 5F5F696E 		.ascii	"__int32_t\000"
 407      7433325F 
 407      7400
 408              	.LASF12:
 409 01b6 666C6F61 		.ascii	"float\000"
 409      7400
 410              	.LASF2:
 411 01bc 73686F72 		.ascii	"short int\000"
 411      7420696E 
 411      7400
 412              	.LASF10:
 413 01c6 696E7433 		.ascii	"int32_t\000"
 413      325F7400 
 414              	.LASF18:
 415 01ce 666C6167 		.ascii	"flag_ready0\000"
 415      5F726561 
ARM GAS  C:\Users\pc\AppData\Local\Temp\ccBE34YR.s 			page 10


 415      64793000 
 416              	.LASF16:
 417 01da 73697A65 		.ascii	"sizetype\000"
 417      74797065 
 417      00
 418              		.ident	"GCC: (GNU Tools for ARM Embedded Processors) 5.4.1 20160609 (release) [ARM/embedded-5-bran
