ARM GAS  C:\Users\pc\AppData\Local\Temp\ccyJbdMa.s 			page 1


   1              		.syntax unified
   2              		.cpu cortex-m3
   3              		.fpu softvfp
   4              		.eabi_attribute 20, 1
   5              		.eabi_attribute 21, 1
   6              		.eabi_attribute 23, 3
   7              		.eabi_attribute 24, 1
   8              		.eabi_attribute 25, 1
   9              		.eabi_attribute 26, 1
  10              		.eabi_attribute 30, 1
  11              		.eabi_attribute 34, 1
  12              		.eabi_attribute 18, 4
  13              		.thumb
  14              		.syntax unified
  15              		.file	"main.c"
  16              		.text
  17              	.Ltext0:
  18              		.cfi_sections	.debug_frame
  19              		.global	__aeabi_i2d
  20              		.global	__aeabi_dmul
  21              		.global	__aeabi_dadd
  22              		.global	__aeabi_d2iz
  23              		.section	.text.main,"ax",%progbits
  24              		.align	2
  25              		.global	main
  26              		.thumb
  27              		.thumb_func
  28              		.type	main, %function
  29              	main:
  30              	.LFB64:
  31              		.file 1 "main.c"
   1:main.c        **** /**
   2:main.c        **** * \brief Main source file for the I2C-Master project.
   3:main.c        **** * \author Michele Grimaldi
   4:main.c        **** * \date , 2020
   5:main.c        **** */
   6:main.c        **** #include "InterruptRoutines.h"
   7:main.c        **** #include "I2C_Interface.h"
   8:main.c        **** #include "project.h"
   9:main.c        **** #include "stdio.h"
  10:main.c        **** 
  11:main.c        **** 
  12:main.c        **** /**
  13:main.c        **** *   \brief 7-bit I2C address of the slave device.
  14:main.c        **** */
  15:main.c        **** #define LIS3DH_DEVICE_ADDRESS 0x18
  16:main.c        **** 
  17:main.c        **** /**
  18:main.c        **** *   \brief Address of the WHO AM I register
  19:main.c        **** */
  20:main.c        **** #define LIS3DH_WHO_AM_I_REG_ADDR 0x0F
  21:main.c        **** 
  22:main.c        **** /**
  23:main.c        **** *   \brief Address of the Status register
  24:main.c        **** */
  25:main.c        **** #define LIS3DH_STATUS_REG 0x27
  26:main.c        **** 
ARM GAS  C:\Users\pc\AppData\Local\Temp\ccyJbdMa.s 			page 2


  27:main.c        **** /**
  28:main.c        **** *   \brief Address of the Control register 1
  29:main.c        **** */
  30:main.c        **** #define LIS3DH_CTRL_REG1 0x20
  31:main.c        **** 
  32:main.c        **** /**
  33:main.c        **** *   \brief Hex value to set normal mode and data rate selection (100Hz) to the accelerator
  34:main.c        **** */
  35:main.c        **** #define LIS3DH_NORMAL_MODE_CTRL_REG1 0x57
  36:main.c        **** 
  37:main.c        **** /**
  38:main.c        **** *   \brief  Address of the Temperature Sensor Configuration register
  39:main.c        **** */
  40:main.c        **** #define LIS3DH_TEMP_CFG_REG 0x1F
  41:main.c        **** 
  42:main.c        **** #define LIS3DH_TEMP_CFG_REG_ACTIVE 0xC0
  43:main.c        **** 
  44:main.c        **** /**
  45:main.c        **** *   \brief Address of the Control register 4: FS set to +-2g, BDU active and HR disabled
  46:main.c        **** */
  47:main.c        **** #define LIS3DH_CTRL_REG4 0x23
  48:main.c        **** 
  49:main.c        **** #define LIS3DH_CTRL_REG4_BDU_ACTIVE 0x80
  50:main.c        **** 
  51:main.c        **** /**
  52:main.c        **** *   \brief Address of the ADC output LSB register
  53:main.c        **** */
  54:main.c        **** #define LIS3DH_OUT_ADC_3L 0x0C
  55:main.c        **** 
  56:main.c        **** /**
  57:main.c        **** *   \brief Address of the ADC output MSB register
  58:main.c        **** */
  59:main.c        **** #define LIS3DH_OUT_ADC_3H 0x0D
  60:main.c        **** 
  61:main.c        **** /**
  62:main.c        **** *   \brief Address of the Acceletation X Output LSB register (28h)
  63:main.c        **** */
  64:main.c        **** #define LIS3DH_OUT_X_L 0x28
  65:main.c        **** 
  66:main.c        **** _VOLATILE  uint8 flag_ready0=0; // Global variable that keeps memory of the led blinkin pattern sta
  67:main.c        **** int main(void)
  68:main.c        **** {
  32              		.loc 1 68 0
  33              		.cfi_startproc
  34              		@ args = 0, pretend = 0, frame = 80
  35              		@ frame_needed = 0, uses_anonymous_args = 0
  36 0000 2DE9F047 		push	{r4, r5, r6, r7, r8, r9, r10, lr}
  37              		.cfi_def_cfa_offset 32
  38              		.cfi_offset 4, -32
  39              		.cfi_offset 5, -28
  40              		.cfi_offset 6, -24
  41              		.cfi_offset 7, -20
  42              		.cfi_offset 8, -16
  43              		.cfi_offset 9, -12
  44              		.cfi_offset 10, -8
  45              		.cfi_offset 14, -4
  46 0004 94B0     		sub	sp, sp, #80
ARM GAS  C:\Users\pc\AppData\Local\Temp\ccyJbdMa.s 			page 3


  47              		.cfi_def_cfa_offset 112
  69:main.c        ****     CyGlobalIntEnable; /* Enable global interrupts. */
  48              		.loc 1 69 0
  49              		.syntax unified
  50              	@ 69 "main.c" 1
  51 0006 62B6     		CPSIE   i
  52              	@ 0 "" 2
  70:main.c        **** 
  71:main.c        ****     /* Place your initialization/startup code here (e.g. MyInst_Start()) */
  72:main.c        ****     I2C_Peripheral_Start();
  53              		.loc 1 72 0
  54              		.thumb
  55              		.syntax unified
  56 0008 FFF7FEFF 		bl	I2C_Peripheral_Start
  57              	.LVL0:
  73:main.c        ****     UART_Debug_Start();
  58              		.loc 1 73 0
  59 000c FFF7FEFF 		bl	UART_Debug_Start
  60              	.LVL1:
  74:main.c        **** 
  75:main.c        ****     CyDelay(5); //"The boot procedure is complete about 5 milliseconds after device power-up."
  61              		.loc 1 75 0
  62 0010 0520     		movs	r0, #5
  63 0012 FFF7FEFF 		bl	CyDelay
  64              	.LVL2:
  65              	.LBB2:
  76:main.c        **** 
  77:main.c        ****     // String to print out messages on the UART
  78:main.c        ****     char message[50];
  79:main.c        **** 
  80:main.c        ****     // Check which devices are present on the I2C bus
  81:main.c        ****     for (int i = 0 ; i < 128; i++)
  66              		.loc 1 81 0
  67 0016 0024     		movs	r4, #0
  68 0018 0CE0     		b	.L2
  69              	.LVL3:
  70              	.L4:
  82:main.c        ****     {
  83:main.c        ****         if (I2C_Peripheral_IsDeviceConnected(i))
  71              		.loc 1 83 0
  72 001a E0B2     		uxtb	r0, r4
  73 001c FFF7FEFF 		bl	I2C_Peripheral_IsDeviceConnected
  74              	.LVL4:
  75 0020 38B1     		cbz	r0, .L3
  84:main.c        ****         {
  85:main.c        ****             // print out the address is hex format
  86:main.c        ****             sprintf(message, "Device 0x%02X is connected\r\n", i);
  76              		.loc 1 86 0
  77 0022 2246     		mov	r2, r4
  78 0024 6449     		ldr	r1, .L15+8
  79 0026 07A8     		add	r0, sp, #28
  80 0028 FFF7FEFF 		bl	sprintf
  81              	.LVL5:
  87:main.c        ****             UART_Debug_PutString(message);
  82              		.loc 1 87 0
  83 002c 07A8     		add	r0, sp, #28
  84 002e FFF7FEFF 		bl	UART_Debug_PutString
ARM GAS  C:\Users\pc\AppData\Local\Temp\ccyJbdMa.s 			page 4


  85              	.LVL6:
  86              	.L3:
  81:main.c        ****     {
  87              		.loc 1 81 0 discriminator 2
  88 0032 0134     		adds	r4, r4, #1
  89              	.LVL7:
  90              	.L2:
  81:main.c        ****     {
  91              		.loc 1 81 0 is_stmt 0 discriminator 1
  92 0034 7F2C     		cmp	r4, #127
  93 0036 F0DD     		ble	.L4
  94              	.LVL8:
  95              	.LBE2:
  88:main.c        ****         }
  89:main.c        **** 
  90:main.c        ****     }
  91:main.c        ****     /******************************************/
  92:main.c        ****     /*            I2C Writing                 */
  93:main.c        ****     /******************************************/
  94:main.c        **** 
  95:main.c        ****     uint8_t ctrl_reg1;
  96:main.c        **** 
  97:main.c        ****     ctrl_reg1 = LIS3DH_NORMAL_MODE_CTRL_REG1;
  98:main.c        **** 
  99:main.c        ****     ErrorCode error = I2C_Peripheral_WriteRegister(LIS3DH_DEVICE_ADDRESS,
  96              		.loc 1 99 0 is_stmt 1
  97 0038 5722     		movs	r2, #87
  98 003a 2021     		movs	r1, #32
  99 003c 1820     		movs	r0, #24
 100 003e FFF7FEFF 		bl	I2C_Peripheral_WriteRegister
 101              	.LVL9:
 100:main.c        ****                                              LIS3DH_CTRL_REG1,
 101:main.c        ****                                              ctrl_reg1);
 102:main.c        **** 
 103:main.c        ****     if (error == ERROR)
 102              		.loc 1 103 0
 103 0042 0128     		cmp	r0, #1
 104 0044 02D1     		bne	.L5
 104:main.c        ****     {
 105:main.c        ****         UART_Debug_PutString("Error occurred during I2C comm to set control register 1\r\n");
 105              		.loc 1 105 0
 106 0046 5D48     		ldr	r0, .L15+12
 107              	.LVL10:
 108 0048 FFF7FEFF 		bl	UART_Debug_PutString
 109              	.LVL11:
 110              	.L5:
 106:main.c        ****     }
 107:main.c        **** 
 108:main.c        ****     uint8_t tmp_cfg_reg = LIS3DH_TEMP_CFG_REG_ACTIVE; // tmp_cfg_reg must be changed to the appropr
 109:main.c        **** 
 110:main.c        ****     error = I2C_Peripheral_WriteRegister(LIS3DH_DEVICE_ADDRESS,
 111              		.loc 1 110 0
 112 004c C022     		movs	r2, #192
 113 004e 1F21     		movs	r1, #31
 114 0050 1820     		movs	r0, #24
 115 0052 FFF7FEFF 		bl	I2C_Peripheral_WriteRegister
 116              	.LVL12:
ARM GAS  C:\Users\pc\AppData\Local\Temp\ccyJbdMa.s 			page 5


 111:main.c        ****                                          LIS3DH_TEMP_CFG_REG,
 112:main.c        ****                                          tmp_cfg_reg);
 113:main.c        ****     if (error == ERROR)
 117              		.loc 1 113 0
 118 0056 0128     		cmp	r0, #1
 119 0058 02D1     		bne	.L6
 114:main.c        ****     {
 115:main.c        ****         UART_Debug_PutString("Error occurred during I2C comm to write TEMP_CFG_REG\r\n");
 120              		.loc 1 115 0
 121 005a 5948     		ldr	r0, .L15+16
 122              	.LVL13:
 123 005c FFF7FEFF 		bl	UART_Debug_PutString
 124              	.LVL14:
 125              	.L6:
 116:main.c        ****     }
 117:main.c        ****     uint8_t ctrl_reg4;
 118:main.c        **** 
 119:main.c        ****     ctrl_reg4 = LIS3DH_CTRL_REG4_BDU_ACTIVE; // ctrl_reg4 must be changed to the appropriate value
 120:main.c        **** 
 121:main.c        ****     error = I2C_Peripheral_WriteRegister(LIS3DH_DEVICE_ADDRESS,
 126              		.loc 1 121 0
 127 0060 8022     		movs	r2, #128
 128 0062 2321     		movs	r1, #35
 129 0064 1820     		movs	r0, #24
 130 0066 FFF7FEFF 		bl	I2C_Peripheral_WriteRegister
 131              	.LVL15:
 122:main.c        ****                                          LIS3DH_CTRL_REG4,
 123:main.c        ****                                          ctrl_reg4);
 124:main.c        **** 
 125:main.c        ****     if (error == ERROR)
 132              		.loc 1 125 0
 133 006a 0128     		cmp	r0, #1
 134 006c 02D1     		bne	.L7
 126:main.c        ****     {
 127:main.c        ****         UART_Debug_PutString("Error occurred during I2C comm to read control register4\r\n");
 135              		.loc 1 127 0
 136 006e 5548     		ldr	r0, .L15+20
 137              	.LVL16:
 138 0070 FFF7FEFF 		bl	UART_Debug_PutString
 139              	.LVL17:
 140              	.L7:
 128:main.c        ****     }
 129:main.c        ****     
 130:main.c        ****         uint8_t register_count_temp=2;//I have to read 2(LSB and MSB) byte
 131:main.c        ****     uint8_t register_count_acc=6; //I have to read 2(LSB and MSB)*3(X,Y,Z) byte
 132:main.c        ****     int16_t OutX;
 133:main.c        ****     int16_t OutY;
 134:main.c        ****     int16_t OutZ;
 135:main.c        ****     int16_t OutTemp;
 136:main.c        ****     uint8_t header = 0xA0;
 137:main.c        ****     uint8_t footer = 0xC0;
 138:main.c        ****     uint8_t OutArray[8];
 139:main.c        ****     uint8_t TemperatureData[2];
 140:main.c        ****     uint8_t AccData[6];
 141:main.c        ****     uint8_t flag_ready1=0;
 142:main.c        ****     uint8_t flag_ready2=0;
 143:main.c        ****     uint8_t status_register;
ARM GAS  C:\Users\pc\AppData\Local\Temp\ccyJbdMa.s 			page 6


 144:main.c        ****     OutArray[0] = header;
 141              		.loc 1 144 0
 142 0074 A023     		movs	r3, #160
 143 0076 8DF81430 		strb	r3, [sp, #20]
 145:main.c        ****     OutArray[7] = footer;
 144              		.loc 1 145 0
 145 007a C023     		movs	r3, #192
 146 007c 8DF81B30 		strb	r3, [sp, #27]
 146:main.c        ****     /*I read the Temperature that will be used later to compute the sensor sensitivity change.
 147:main.c        ****       Since the sensitivity change is small and assuming no abrupt temperature changes after
 148:main.c        ****       device power on the temperature value can be read just one time.*/
 149:main.c        ****     error = I2C_Peripheral_ReadRegisterMulti(LIS3DH_DEVICE_ADDRESS,
 147              		.loc 1 149 0
 148 0080 04AB     		add	r3, sp, #16
 149 0082 0222     		movs	r2, #2
 150 0084 0C21     		movs	r1, #12
 151 0086 1820     		movs	r0, #24
 152 0088 FFF7FEFF 		bl	I2C_Peripheral_ReadRegisterMulti
 153              	.LVL18:
 150:main.c        ****                                                       LIS3DH_OUT_ADC_3L,
 151:main.c        ****                                                       register_count_temp,
 152:main.c        ****                                                       &TemperatureData[0]);
 153:main.c        ****     OutTemp = (int16)((TemperatureData[0] | (TemperatureData[1]<<8)))>>6;
 154              		.loc 1 153 0
 155 008c 9DF81030 		ldrb	r3, [sp, #16]	@ zero_extendqisi2
 156 0090 9DF81160 		ldrb	r6, [sp, #17]	@ zero_extendqisi2
 157 0094 43EA0626 		orr	r6, r3, r6, lsl #8
 158 0098 46F38916 		sbfx	r6, r6, #6, #10
 159              	.LVL19:
 154:main.c        ****     Timer_Start();
 160              		.loc 1 154 0
 161 009c FFF7FEFF 		bl	Timer_Start
 162              	.LVL20:
 155:main.c        ****     isr_TIMER_StartEx(Custom_TIMER_ISR);
 163              		.loc 1 155 0
 164 00a0 4948     		ldr	r0, .L15+24
 165 00a2 FFF7FEFF 		bl	isr_TIMER_StartEx
 166              	.LVL21:
 141:main.c        ****     uint8_t flag_ready2=0;
 167              		.loc 1 141 0
 168 00a6 0024     		movs	r4, #0
 169              	.LVL22:
 170              	.L10:
 156:main.c        ****     
 157:main.c        ****     //I read the Temperature that will be used later to compute the sensor sensitivity change
 158:main.c        ****     
 159:main.c        ****     for(;;)
 160:main.c        ****     {
 161:main.c        ****         if(flag_ready0)
 171              		.loc 1 161 0
 172 00a8 484B     		ldr	r3, .L15+28
 173 00aa 1B78     		ldrb	r3, [r3]	@ zero_extendqisi2
 174 00ac 13F0FF0F 		tst	r3, #255
 175 00b0 FAD0     		beq	.L10
 176 00b2 0BE0     		b	.L9
 177              	.L12:
 162:main.c        ****         {
ARM GAS  C:\Users\pc\AppData\Local\Temp\ccyJbdMa.s 			page 7


 163:main.c        ****             /*I read the status register and evaluate if new data is avaible 
 164:main.c        ****                 checking the value of ZYXDA bit. Flag register will be 0 if 
 165:main.c        ****                 no new data are avaiable while will be greater than zero(value = 8)
 166:main.c        ****                 if new data are avaiable;
 167:main.c        ****                 The cycle continues untill flag_ready1 is different from zero. Then if 
 168:main.c        ****                 ZYXOR bit is equal to 1 it means a new set of data has overwritten the previous set
 169:main.c        ****                 so I can now read the accelerometer outputs
 170:main.c        ****             */
 171:main.c        ****             while(!flag_ready1)
 172:main.c        ****             {
 173:main.c        ****                 error = I2C_Peripheral_ReadRegister(LIS3DH_DEVICE_ADDRESS,
 178              		.loc 1 173 0
 179 00b4 0DF10702 		add	r2, sp, #7
 180 00b8 2721     		movs	r1, #39
 181 00ba 1820     		movs	r0, #24
 182 00bc FFF7FEFF 		bl	I2C_Peripheral_ReadRegister
 183              	.LVL23:
 174:main.c        ****                                             LIS3DH_STATUS_REG,
 175:main.c        ****                                             &status_register);
 176:main.c        ****                 if(error == NO_ERROR)
 184              		.loc 1 176 0
 185 00c0 20B9     		cbnz	r0, .L9
 177:main.c        ****                     flag_ready1=(status_register&(1<<3)); // & operation to check the value of ZYXD
 186              		.loc 1 177 0
 187 00c2 9DF80740 		ldrb	r4, [sp, #7]	@ zero_extendqisi2
 188              	.LVL24:
 189 00c6 04F00804 		and	r4, r4, #8
 190 00ca E4B2     		uxtb	r4, r4
 191              	.LVL25:
 192              	.L9:
 171:main.c        ****             {
 193              		.loc 1 171 0
 194 00cc 002C     		cmp	r4, #0
 195 00ce F1D0     		beq	.L12
 178:main.c        ****             }
 179:main.c        ****             flag_ready2=(status_register&(1<<7)); // & operation to check the value of ZYXOR bit.
 196              		.loc 1 179 0
 197 00d0 9DF80730 		ldrb	r3, [sp, #7]	@ zero_extendqisi2
 198              	.LVL26:
 180:main.c        ****             if(flag_ready2)
 199              		.loc 1 180 0
 200 00d4 13F0800F 		tst	r3, #128
 201 00d8 E6D0     		beq	.L10
 181:main.c        ****             {
 182:main.c        ****                 /*I can now read the accelerometer output through the multiread function starting
 183:main.c        ****                 from LIS3DH_OUT_X_L(28h) to OUT_Z_H (2Dh) saving values is AccData */
 184:main.c        ****                 error = I2C_Peripheral_ReadRegisterMulti(LIS3DH_DEVICE_ADDRESS,
 202              		.loc 1 184 0
 203 00da 02AB     		add	r3, sp, #8
 204              	.LVL27:
 205 00dc 0622     		movs	r2, #6
 206 00de 2821     		movs	r1, #40
 207 00e0 1820     		movs	r0, #24
 208 00e2 FFF7FEFF 		bl	I2C_Peripheral_ReadRegisterMulti
 209              	.LVL28:
 185:main.c        ****                                                               LIS3DH_OUT_X_L,
 186:main.c        ****                                                               register_count_acc,
ARM GAS  C:\Users\pc\AppData\Local\Temp\ccyJbdMa.s 			page 8


 187:main.c        ****                                                                 &AccData[0]);
 188:main.c        ****                 if(error == NO_ERROR)
 210              		.loc 1 188 0
 211 00e6 0028     		cmp	r0, #0
 212 00e8 DED1     		bne	.L10
 189:main.c        ****                 {
 190:main.c        ****                     //justifying 10 bit data from right side to left side 
 191:main.c        ****                     OutX = (int16)((AccData[0] | (AccData[1]<<8)))>>6; 
 213              		.loc 1 191 0
 214 00ea 9DF80830 		ldrb	r3, [sp, #8]	@ zero_extendqisi2
 215 00ee 9DF80950 		ldrb	r5, [sp, #9]	@ zero_extendqisi2
 216 00f2 43EA0525 		orr	r5, r3, r5, lsl #8
 217 00f6 45F38915 		sbfx	r5, r5, #6, #10
 218              	.LVL29:
 192:main.c        ****                     OutY = (int16)((AccData[2] | (AccData[3]<<8)))>>6;
 219              		.loc 1 192 0
 220 00fa 9DF80A30 		ldrb	r3, [sp, #10]	@ zero_extendqisi2
 221 00fe 9DF80BA0 		ldrb	r10, [sp, #11]	@ zero_extendqisi2
 222 0102 43EA0A2A 		orr	r10, r3, r10, lsl #8
 223 0106 4AF3891A 		sbfx	r10, r10, #6, #10
 224              	.LVL30:
 193:main.c        ****                     OutZ = (int16)((AccData[4] | (AccData[5]<<8)))>>6;
 225              		.loc 1 193 0
 226 010a 9DF80C30 		ldrb	r3, [sp, #12]	@ zero_extendqisi2
 227 010e 9DF80D70 		ldrb	r7, [sp, #13]	@ zero_extendqisi2
 228 0112 43EA0727 		orr	r7, r3, r7, lsl #8
 229 0116 47F38917 		sbfx	r7, r7, #6, #10
 230              	.LVL31:
 194:main.c        ****                    
 195:main.c        ****                     /*Since in normal mode +-2g FSR the Sensitivity of the sensor is S=4mg/digit,to
 196:main.c        ****                     output in mg I multiply the digit value by the Sensitivity whose value change o
 197:main.c        ****                     OutX = OutX*4*(1+0.0001*OutTemp);
 231              		.loc 1 197 0
 232 011a AD00     		lsls	r5, r5, #2
 233              	.LVL32:
 234 011c 3046     		mov	r0, r6
 235              	.LVL33:
 236 011e FFF7FEFF 		bl	__aeabi_i2d
 237              	.LVL34:
 238 0122 23A3     		adr	r3, .L15
 239 0124 D3E90023 		ldrd	r2, [r3]
 240 0128 FFF7FEFF 		bl	__aeabi_dmul
 241              	.LVL35:
 242 012c 0022     		movs	r2, #0
 243 012e 284B     		ldr	r3, .L15+32
 244 0130 FFF7FEFF 		bl	__aeabi_dadd
 245              	.LVL36:
 246 0134 8046     		mov	r8, r0
 247 0136 8946     		mov	r9, r1
 248 0138 2846     		mov	r0, r5
 249 013a FFF7FEFF 		bl	__aeabi_i2d
 250              	.LVL37:
 251 013e 4246     		mov	r2, r8
 252 0140 4B46     		mov	r3, r9
 253 0142 FFF7FEFF 		bl	__aeabi_dmul
 254              	.LVL38:
 255 0146 FFF7FEFF 		bl	__aeabi_d2iz
ARM GAS  C:\Users\pc\AppData\Local\Temp\ccyJbdMa.s 			page 9


 256              	.LVL39:
 257 014a 05B2     		sxth	r5, r0
 258              	.LVL40:
 198:main.c        ****                     OutY = OutY*4*(1+0.0001*OutTemp);
 259              		.loc 1 198 0
 260 014c 4FEA8A00 		lsl	r0, r10, #2
 261 0150 FFF7FEFF 		bl	__aeabi_i2d
 262              	.LVL41:
 263 0154 4246     		mov	r2, r8
 264 0156 4B46     		mov	r3, r9
 265 0158 FFF7FEFF 		bl	__aeabi_dmul
 266              	.LVL42:
 267 015c FFF7FEFF 		bl	__aeabi_d2iz
 268              	.LVL43:
 269 0160 0FFA80FA 		sxth	r10, r0
 270              	.LVL44:
 199:main.c        ****                     OutZ = OutZ*4*(1+0.0001*OutTemp);
 271              		.loc 1 199 0
 272 0164 B800     		lsls	r0, r7, #2
 273 0166 FFF7FEFF 		bl	__aeabi_i2d
 274              	.LVL45:
 275 016a 4246     		mov	r2, r8
 276 016c 4B46     		mov	r3, r9
 277 016e FFF7FEFF 		bl	__aeabi_dmul
 278              	.LVL46:
 279 0172 FFF7FEFF 		bl	__aeabi_d2iz
 280              	.LVL47:
 281 0176 00B2     		sxth	r0, r0
 282              	.LVL48:
 200:main.c        ****                     
 201:main.c        ****                     OutArray[1] = (uint8_t)(OutX & 0xFF); //X acceleration LSB
 283              		.loc 1 201 0
 284 0178 8DF81550 		strb	r5, [sp, #21]
 202:main.c        ****                     OutArray[2] = (uint8_t)(OutX >> 8); //X acceleration MSB
 285              		.loc 1 202 0
 286 017c C5F30725 		ubfx	r5, r5, #8, #8
 287              	.LVL49:
 288 0180 8DF81650 		strb	r5, [sp, #22]
 203:main.c        ****                     OutArray[3] = (uint8_t)(OutY & 0xFF); //Y acceleration LSB
 289              		.loc 1 203 0
 290 0184 8DF817A0 		strb	r10, [sp, #23]
 204:main.c        ****                     OutArray[4] = (uint8_t)(OutY >> 8); //Y acceleration MSB
 291              		.loc 1 204 0
 292 0188 CAF3072A 		ubfx	r10, r10, #8, #8
 293              	.LVL50:
 294 018c 8DF818A0 		strb	r10, [sp, #24]
 205:main.c        ****                     OutArray[5] = (uint8_t)(OutZ & 0xFF); //Z acceleration LSB
 295              		.loc 1 205 0
 296 0190 8DF81900 		strb	r0, [sp, #25]
 206:main.c        ****                     OutArray[6] = (uint8_t)(OutZ >> 8); //Z acceleration MSB
 297              		.loc 1 206 0
 298 0194 C0F30720 		ubfx	r0, r0, #8, #8
 299              	.LVL51:
 300 0198 8DF81A00 		strb	r0, [sp, #26]
 207:main.c        ****        
 208:main.c        ****                     UART_Debug_PutArray(OutArray, 8);   //Package sent we'll be analyzed by Bridge 
 301              		.loc 1 208 0
ARM GAS  C:\Users\pc\AppData\Local\Temp\ccyJbdMa.s 			page 10


 302 019c 0821     		movs	r1, #8
 303 019e 05A8     		add	r0, sp, #20
 304 01a0 FFF7FEFF 		bl	UART_Debug_PutArray
 305              	.LVL52:
 209:main.c        ****                     
 210:main.c        ****                     flag_ready0=0; //The next ISR will change its value
 306              		.loc 1 210 0
 307 01a4 0022     		movs	r2, #0
 308 01a6 094B     		ldr	r3, .L15+28
 309 01a8 1A70     		strb	r2, [r3]
 310 01aa 7DE7     		b	.L10
 311              	.L16:
 312 01ac AFF30080 		.align	3
 313              	.L15:
 314 01b0 2D431CEB 		.word	-350469331
 315 01b4 E2361A3F 		.word	1058682594
 316 01b8 00000000 		.word	.LC0
 317 01bc 20000000 		.word	.LC1
 318 01c0 5C000000 		.word	.LC2
 319 01c4 94000000 		.word	.LC3
 320 01c8 00000000 		.word	Custom_TIMER_ISR
 321 01cc 00000000 		.word	.LANCHOR0
 322 01d0 0000F03F 		.word	1072693248
 323              		.cfi_endproc
 324              	.LFE64:
 325              		.size	main, .-main
 326              		.global	flag_ready0
 327              		.section	.rodata.str1.4,"aMS",%progbits,1
 328              		.align	2
 329              	.LC0:
 330 0000 44657669 		.ascii	"Device 0x%02X is connected\015\012\000"
 330      63652030 
 330      78253032 
 330      58206973 
 330      20636F6E 
 331 001d 000000   		.space	3
 332              	.LC1:
 333 0020 4572726F 		.ascii	"Error occurred during I2C comm to set control regis"
 333      72206F63 
 333      63757272 
 333      65642064 
 333      7572696E 
 334 0053 74657220 		.ascii	"ter 1\015\012\000"
 334      310D0A00 
 335 005b 00       		.space	1
 336              	.LC2:
 337 005c 4572726F 		.ascii	"Error occurred during I2C comm to write TEMP_CFG_RE"
 337      72206F63 
 337      63757272 
 337      65642064 
 337      7572696E 
 338 008f 470D0A00 		.ascii	"G\015\012\000"
 339 0093 00       		.space	1
 340              	.LC3:
 341 0094 4572726F 		.ascii	"Error occurred during I2C comm to read control regi"
 341      72206F63 
 341      63757272 
ARM GAS  C:\Users\pc\AppData\Local\Temp\ccyJbdMa.s 			page 11


 341      65642064 
 341      7572696E 
 342 00c7 73746572 		.ascii	"ster4\015\012\000"
 342      340D0A00 
 343              		.bss
 344              		.set	.LANCHOR0,. + 0
 345              		.type	flag_ready0, %object
 346              		.size	flag_ready0, 1
 347              	flag_ready0:
 348 0000 00       		.space	1
 349              		.text
 350              	.Letext0:
 351              		.file 2 "c:\\program files (x86)\\cypress\\psoc creator\\4.3\\psoc creator\\import\\gnu\\arm\\5.4.
 352              		.file 3 "c:\\program files (x86)\\cypress\\psoc creator\\4.3\\psoc creator\\import\\gnu\\arm\\5.4.
 353              		.file 4 "Generated_Source\\PSoC5/cytypes.h"
 354              		.file 5 "ErrorCodes.h"
 355              		.file 6 "Generated_Source\\PSoC5/core_cm3.h"
 356              		.file 7 "I2C_Interface.h"
 357              		.file 8 "c:\\program files (x86)\\cypress\\psoc creator\\4.3\\psoc creator\\import\\gnu\\arm\\5.4.
 358              		.file 9 "Generated_Source\\PSoC5/UART_Debug.h"
 359              		.file 10 "Generated_Source\\PSoC5/CyLib.h"
 360              		.file 11 "Generated_Source\\PSoC5/Timer.h"
 361              		.file 12 "Generated_Source\\PSoC5/isr_TIMER.h"
 362              		.section	.debug_info,"",%progbits
 363              	.Ldebug_info0:
 364 0000 D1040000 		.4byte	0x4d1
 365 0004 0400     		.2byte	0x4
 366 0006 00000000 		.4byte	.Ldebug_abbrev0
 367 000a 04       		.byte	0x4
 368 000b 01       		.uleb128 0x1
 369 000c FC010000 		.4byte	.LASF58
 370 0010 0C       		.byte	0xc
 371 0011 C8020000 		.4byte	.LASF59
 372 0015 16030000 		.4byte	.LASF60
 373 0019 00000000 		.4byte	.Ldebug_ranges0+0
 374 001d 00000000 		.4byte	0
 375 0021 00000000 		.4byte	.Ldebug_line0
 376 0025 02       		.uleb128 0x2
 377 0026 01       		.byte	0x1
 378 0027 06       		.byte	0x6
 379 0028 54010000 		.4byte	.LASF0
 380 002c 03       		.uleb128 0x3
 381 002d FC000000 		.4byte	.LASF2
 382 0031 02       		.byte	0x2
 383 0032 1D       		.byte	0x1d
 384 0033 37000000 		.4byte	0x37
 385 0037 02       		.uleb128 0x2
 386 0038 01       		.byte	0x1
 387 0039 08       		.byte	0x8
 388 003a 2A010000 		.4byte	.LASF1
 389 003e 03       		.uleb128 0x3
 390 003f 32000000 		.4byte	.LASF3
 391 0043 02       		.byte	0x2
 392 0044 29       		.byte	0x29
 393 0045 49000000 		.4byte	0x49
 394 0049 02       		.uleb128 0x2
 395 004a 02       		.byte	0x2
ARM GAS  C:\Users\pc\AppData\Local\Temp\ccyJbdMa.s 			page 12


 396 004b 05       		.byte	0x5
 397 004c 4D000000 		.4byte	.LASF4
 398 0050 02       		.uleb128 0x2
 399 0051 02       		.byte	0x2
 400 0052 07       		.byte	0x7
 401 0053 E9010000 		.4byte	.LASF5
 402 0057 03       		.uleb128 0x3
 403 0058 51030000 		.4byte	.LASF6
 404 005c 02       		.byte	0x2
 405 005d 3F       		.byte	0x3f
 406 005e 62000000 		.4byte	0x62
 407 0062 02       		.uleb128 0x2
 408 0063 04       		.byte	0x4
 409 0064 05       		.byte	0x5
 410 0065 F3000000 		.4byte	.LASF7
 411 0069 02       		.uleb128 0x2
 412 006a 04       		.byte	0x4
 413 006b 07       		.byte	0x7
 414 006c C2010000 		.4byte	.LASF8
 415 0070 02       		.uleb128 0x2
 416 0071 08       		.byte	0x8
 417 0072 05       		.byte	0x5
 418 0073 D9000000 		.4byte	.LASF9
 419 0077 02       		.uleb128 0x2
 420 0078 08       		.byte	0x8
 421 0079 07       		.byte	0x7
 422 007a 81010000 		.4byte	.LASF10
 423 007e 04       		.uleb128 0x4
 424 007f 04       		.byte	0x4
 425 0080 05       		.byte	0x5
 426 0081 696E7400 		.ascii	"int\000"
 427 0085 02       		.uleb128 0x2
 428 0086 04       		.byte	0x4
 429 0087 07       		.byte	0x7
 430 0088 B5010000 		.4byte	.LASF11
 431 008c 03       		.uleb128 0x3
 432 008d A9000000 		.4byte	.LASF12
 433 0091 03       		.byte	0x3
 434 0092 18       		.byte	0x18
 435 0093 2C000000 		.4byte	0x2c
 436 0097 03       		.uleb128 0x3
 437 0098 A7020000 		.4byte	.LASF13
 438 009c 03       		.byte	0x3
 439 009d 20       		.byte	0x20
 440 009e 3E000000 		.4byte	0x3e
 441 00a2 03       		.uleb128 0x3
 442 00a3 9F020000 		.4byte	.LASF14
 443 00a7 03       		.byte	0x3
 444 00a8 2C       		.byte	0x2c
 445 00a9 57000000 		.4byte	0x57
 446 00ad 05       		.uleb128 0x5
 447 00ae AF020000 		.4byte	.LASF15
 448 00b2 04       		.byte	0x4
 449 00b3 E401     		.2byte	0x1e4
 450 00b5 37000000 		.4byte	0x37
 451 00b9 05       		.uleb128 0x5
 452 00ba B1000000 		.4byte	.LASF16
ARM GAS  C:\Users\pc\AppData\Local\Temp\ccyJbdMa.s 			page 13


 453 00be 04       		.byte	0x4
 454 00bf E801     		.2byte	0x1e8
 455 00c1 49000000 		.4byte	0x49
 456 00c5 02       		.uleb128 0x2
 457 00c6 04       		.byte	0x4
 458 00c7 04       		.byte	0x4
 459 00c8 C7000000 		.4byte	.LASF17
 460 00cc 02       		.uleb128 0x2
 461 00cd 08       		.byte	0x8
 462 00ce 04       		.byte	0x4
 463 00cf D7020000 		.4byte	.LASF18
 464 00d3 02       		.uleb128 0x2
 465 00d4 01       		.byte	0x1
 466 00d5 08       		.byte	0x8
 467 00d6 8A020000 		.4byte	.LASF19
 468 00da 06       		.uleb128 0x6
 469 00db AD000000 		.4byte	0xad
 470 00df 02       		.uleb128 0x2
 471 00e0 08       		.byte	0x8
 472 00e1 04       		.byte	0x4
 473 00e2 1E010000 		.4byte	.LASF20
 474 00e6 02       		.uleb128 0x2
 475 00e7 04       		.byte	0x4
 476 00e8 07       		.byte	0x7
 477 00e9 73000000 		.4byte	.LASF21
 478 00ed 07       		.uleb128 0x7
 479 00ee 01       		.byte	0x1
 480 00ef 37000000 		.4byte	0x37
 481 00f3 05       		.byte	0x5
 482 00f4 15       		.byte	0x15
 483 00f5 06010000 		.4byte	0x106
 484 00f9 08       		.uleb128 0x8
 485 00fa 3C000000 		.4byte	.LASF22
 486 00fe 00       		.byte	0
 487 00ff 08       		.uleb128 0x8
 488 0100 18010000 		.4byte	.LASF23
 489 0104 01       		.byte	0x1
 490 0105 00       		.byte	0
 491 0106 03       		.uleb128 0x3
 492 0107 A5030000 		.4byte	.LASF24
 493 010b 05       		.byte	0x5
 494 010c 18       		.byte	0x18
 495 010d ED000000 		.4byte	0xed
 496 0111 09       		.uleb128 0x9
 497 0112 9D000000 		.4byte	.LASF61
 498 0116 01       		.byte	0x1
 499 0117 43       		.byte	0x43
 500 0118 7E000000 		.4byte	0x7e
 501 011c 00000000 		.4byte	.LFB64
 502 0120 D4010000 		.4byte	.LFE64-.LFB64
 503 0124 01       		.uleb128 0x1
 504 0125 9C       		.byte	0x9c
 505 0126 EE030000 		.4byte	0x3ee
 506 012a 0A       		.uleb128 0xa
 507 012b CF020000 		.4byte	.LASF25
 508 012f 01       		.byte	0x1
 509 0130 4E       		.byte	0x4e
ARM GAS  C:\Users\pc\AppData\Local\Temp\ccyJbdMa.s 			page 14


 510 0131 EE030000 		.4byte	0x3ee
 511 0135 03       		.uleb128 0x3
 512 0136 91       		.byte	0x91
 513 0137 AC7F     		.sleb128 -84
 514 0139 0B       		.uleb128 0xb
 515 013a 00000000 		.4byte	.LASF26
 516 013e 01       		.byte	0x1
 517 013f 5F       		.byte	0x5f
 518 0140 8C000000 		.4byte	0x8c
 519 0144 57       		.byte	0x57
 520 0145 0C       		.uleb128 0xc
 521 0146 74030000 		.4byte	.LASF27
 522 014a 01       		.byte	0x1
 523 014b 63       		.byte	0x63
 524 014c 06010000 		.4byte	0x106
 525 0150 00000000 		.4byte	.LLST0
 526 0154 0D       		.uleb128 0xd
 527 0155 CD000000 		.4byte	.LASF28
 528 0159 01       		.byte	0x1
 529 015a 6C       		.byte	0x6c
 530 015b 8C000000 		.4byte	0x8c
 531 015f 40       		.sleb128 -64
 532 0160 0D       		.uleb128 0xd
 533 0161 1F000000 		.4byte	.LASF29
 534 0165 01       		.byte	0x1
 535 0166 75       		.byte	0x75
 536 0167 8C000000 		.4byte	0x8c
 537 016b 807F     		.sleb128 -128
 538 016d 0B       		.uleb128 0xb
 539 016e 40010000 		.4byte	.LASF30
 540 0172 01       		.byte	0x1
 541 0173 82       		.byte	0x82
 542 0174 8C000000 		.4byte	0x8c
 543 0178 02       		.byte	0x2
 544 0179 0B       		.uleb128 0xb
 545 017a B5020000 		.4byte	.LASF31
 546 017e 01       		.byte	0x1
 547 017f 83       		.byte	0x83
 548 0180 8C000000 		.4byte	0x8c
 549 0184 06       		.byte	0x6
 550 0185 0C       		.uleb128 0xc
 551 0186 8E030000 		.4byte	.LASF32
 552 018a 01       		.byte	0x1
 553 018b 84       		.byte	0x84
 554 018c 97000000 		.4byte	0x97
 555 0190 3F000000 		.4byte	.LLST1
 556 0194 0C       		.uleb128 0xc
 557 0195 93030000 		.4byte	.LASF33
 558 0199 01       		.byte	0x1
 559 019a 85       		.byte	0x85
 560 019b 97000000 		.4byte	0x97
 561 019f 81000000 		.4byte	.LLST2
 562 01a3 0C       		.uleb128 0xc
 563 01a4 98030000 		.4byte	.LASF34
 564 01a8 01       		.byte	0x1
 565 01a9 86       		.byte	0x86
 566 01aa 97000000 		.4byte	0x97
ARM GAS  C:\Users\pc\AppData\Local\Temp\ccyJbdMa.s 			page 15


 567 01ae 94000000 		.4byte	.LLST3
 568 01b2 0A       		.uleb128 0xa
 569 01b3 6C030000 		.4byte	.LASF35
 570 01b7 01       		.byte	0x1
 571 01b8 87       		.byte	0x87
 572 01b9 97000000 		.4byte	0x97
 573 01bd 01       		.uleb128 0x1
 574 01be 56       		.byte	0x56
 575 01bf 0D       		.uleb128 0xd
 576 01c0 A2000000 		.4byte	.LASF36
 577 01c4 01       		.byte	0x1
 578 01c5 88       		.byte	0x88
 579 01c6 8C000000 		.4byte	0x8c
 580 01ca A07F     		.sleb128 -96
 581 01cc 0D       		.uleb128 0xd
 582 01cd 0F030000 		.4byte	.LASF37
 583 01d1 01       		.byte	0x1
 584 01d2 89       		.byte	0x89
 585 01d3 8C000000 		.4byte	0x8c
 586 01d7 40       		.sleb128 -64
 587 01d8 0A       		.uleb128 0xa
 588 01d9 29000000 		.4byte	.LASF38
 589 01dd 01       		.byte	0x1
 590 01de 8A       		.byte	0x8a
 591 01df FE030000 		.4byte	0x3fe
 592 01e3 03       		.uleb128 0x3
 593 01e4 91       		.byte	0x91
 594 01e5 A47F     		.sleb128 -92
 595 01e7 0A       		.uleb128 0xa
 596 01e8 8F020000 		.4byte	.LASF39
 597 01ec 01       		.byte	0x1
 598 01ed 8B       		.byte	0x8b
 599 01ee 0E040000 		.4byte	0x40e
 600 01f2 03       		.uleb128 0x3
 601 01f3 91       		.byte	0x91
 602 01f4 A07F     		.sleb128 -96
 603 01f6 0A       		.uleb128 0xa
 604 01f7 45000000 		.4byte	.LASF40
 605 01fb 01       		.byte	0x1
 606 01fc 8C       		.byte	0x8c
 607 01fd 1E040000 		.4byte	0x41e
 608 0201 03       		.uleb128 0x3
 609 0202 91       		.byte	0x91
 610 0203 987F     		.sleb128 -104
 611 0205 0C       		.uleb128 0xc
 612 0206 F7020000 		.4byte	.LASF41
 613 020a 01       		.byte	0x1
 614 020b 8D       		.byte	0x8d
 615 020c 8C000000 		.4byte	0x8c
 616 0210 B2000000 		.4byte	.LLST4
 617 0214 0C       		.uleb128 0xc
 618 0215 03030000 		.4byte	.LASF42
 619 0219 01       		.byte	0x1
 620 021a 8E       		.byte	0x8e
 621 021b 8C000000 		.4byte	0x8c
 622 021f DC000000 		.4byte	.LLST5
 623 0223 0A       		.uleb128 0xa
ARM GAS  C:\Users\pc\AppData\Local\Temp\ccyJbdMa.s 			page 16


 624 0224 B7000000 		.4byte	.LASF43
 625 0228 01       		.byte	0x1
 626 0229 8F       		.byte	0x8f
 627 022a 8C000000 		.4byte	0x8c
 628 022e 03       		.uleb128 0x3
 629 022f 91       		.byte	0x91
 630 0230 977F     		.sleb128 -105
 631 0232 0E       		.uleb128 0xe
 632 0233 16000000 		.4byte	.LBB2
 633 0237 22000000 		.4byte	.LBE2-.LBB2
 634 023b 96020000 		.4byte	0x296
 635 023f 0F       		.uleb128 0xf
 636 0240 6900     		.ascii	"i\000"
 637 0242 01       		.byte	0x1
 638 0243 51       		.byte	0x51
 639 0244 7E000000 		.4byte	0x7e
 640 0248 13010000 		.4byte	.LLST6
 641 024c 10       		.uleb128 0x10
 642 024d 20000000 		.4byte	.LVL4
 643 0251 50040000 		.4byte	0x450
 644 0255 60020000 		.4byte	0x260
 645 0259 11       		.uleb128 0x11
 646 025a 01       		.uleb128 0x1
 647 025b 50       		.byte	0x50
 648 025c 02       		.uleb128 0x2
 649 025d 74       		.byte	0x74
 650 025e 00       		.sleb128 0
 651 025f 00       		.byte	0
 652 0260 10       		.uleb128 0x10
 653 0261 2C000000 		.4byte	.LVL5
 654 0265 5B040000 		.4byte	0x45b
 655 0269 84020000 		.4byte	0x284
 656 026d 11       		.uleb128 0x11
 657 026e 01       		.uleb128 0x1
 658 026f 50       		.byte	0x50
 659 0270 03       		.uleb128 0x3
 660 0271 91       		.byte	0x91
 661 0272 AC7F     		.sleb128 -84
 662 0274 11       		.uleb128 0x11
 663 0275 01       		.uleb128 0x1
 664 0276 51       		.byte	0x51
 665 0277 05       		.uleb128 0x5
 666 0278 03       		.byte	0x3
 667 0279 00000000 		.4byte	.LC0
 668 027d 11       		.uleb128 0x11
 669 027e 01       		.uleb128 0x1
 670 027f 52       		.byte	0x52
 671 0280 02       		.uleb128 0x2
 672 0281 74       		.byte	0x74
 673 0282 00       		.sleb128 0
 674 0283 00       		.byte	0
 675 0284 12       		.uleb128 0x12
 676 0285 32000000 		.4byte	.LVL6
 677 0289 66040000 		.4byte	0x466
 678 028d 11       		.uleb128 0x11
 679 028e 01       		.uleb128 0x1
 680 028f 50       		.byte	0x50
ARM GAS  C:\Users\pc\AppData\Local\Temp\ccyJbdMa.s 			page 17


 681 0290 03       		.uleb128 0x3
 682 0291 91       		.byte	0x91
 683 0292 AC7F     		.sleb128 -84
 684 0294 00       		.byte	0
 685 0295 00       		.byte	0
 686 0296 13       		.uleb128 0x13
 687 0297 0C000000 		.4byte	.LVL0
 688 029b 71040000 		.4byte	0x471
 689 029f 13       		.uleb128 0x13
 690 02a0 10000000 		.4byte	.LVL1
 691 02a4 7C040000 		.4byte	0x47c
 692 02a8 10       		.uleb128 0x10
 693 02a9 16000000 		.4byte	.LVL2
 694 02ad 87040000 		.4byte	0x487
 695 02b1 BB020000 		.4byte	0x2bb
 696 02b5 11       		.uleb128 0x11
 697 02b6 01       		.uleb128 0x1
 698 02b7 50       		.byte	0x50
 699 02b8 01       		.uleb128 0x1
 700 02b9 35       		.byte	0x35
 701 02ba 00       		.byte	0
 702 02bb 10       		.uleb128 0x10
 703 02bc 42000000 		.4byte	.LVL9
 704 02c0 92040000 		.4byte	0x492
 705 02c4 DA020000 		.4byte	0x2da
 706 02c8 11       		.uleb128 0x11
 707 02c9 01       		.uleb128 0x1
 708 02ca 50       		.byte	0x50
 709 02cb 01       		.uleb128 0x1
 710 02cc 48       		.byte	0x48
 711 02cd 11       		.uleb128 0x11
 712 02ce 01       		.uleb128 0x1
 713 02cf 51       		.byte	0x51
 714 02d0 02       		.uleb128 0x2
 715 02d1 08       		.byte	0x8
 716 02d2 20       		.byte	0x20
 717 02d3 11       		.uleb128 0x11
 718 02d4 01       		.uleb128 0x1
 719 02d5 52       		.byte	0x52
 720 02d6 02       		.uleb128 0x2
 721 02d7 08       		.byte	0x8
 722 02d8 57       		.byte	0x57
 723 02d9 00       		.byte	0
 724 02da 10       		.uleb128 0x10
 725 02db 4C000000 		.4byte	.LVL11
 726 02df 66040000 		.4byte	0x466
 727 02e3 F1020000 		.4byte	0x2f1
 728 02e7 11       		.uleb128 0x11
 729 02e8 01       		.uleb128 0x1
 730 02e9 50       		.byte	0x50
 731 02ea 05       		.uleb128 0x5
 732 02eb 03       		.byte	0x3
 733 02ec 20000000 		.4byte	.LC1
 734 02f0 00       		.byte	0
 735 02f1 10       		.uleb128 0x10
 736 02f2 56000000 		.4byte	.LVL12
 737 02f6 92040000 		.4byte	0x492
ARM GAS  C:\Users\pc\AppData\Local\Temp\ccyJbdMa.s 			page 18


 738 02fa 0F030000 		.4byte	0x30f
 739 02fe 11       		.uleb128 0x11
 740 02ff 01       		.uleb128 0x1
 741 0300 50       		.byte	0x50
 742 0301 01       		.uleb128 0x1
 743 0302 48       		.byte	0x48
 744 0303 11       		.uleb128 0x11
 745 0304 01       		.uleb128 0x1
 746 0305 51       		.byte	0x51
 747 0306 01       		.uleb128 0x1
 748 0307 4F       		.byte	0x4f
 749 0308 11       		.uleb128 0x11
 750 0309 01       		.uleb128 0x1
 751 030a 52       		.byte	0x52
 752 030b 02       		.uleb128 0x2
 753 030c 09       		.byte	0x9
 754 030d C0       		.byte	0xc0
 755 030e 00       		.byte	0
 756 030f 10       		.uleb128 0x10
 757 0310 60000000 		.4byte	.LVL14
 758 0314 66040000 		.4byte	0x466
 759 0318 26030000 		.4byte	0x326
 760 031c 11       		.uleb128 0x11
 761 031d 01       		.uleb128 0x1
 762 031e 50       		.byte	0x50
 763 031f 05       		.uleb128 0x5
 764 0320 03       		.byte	0x3
 765 0321 5C000000 		.4byte	.LC2
 766 0325 00       		.byte	0
 767 0326 10       		.uleb128 0x10
 768 0327 6A000000 		.4byte	.LVL15
 769 032b 92040000 		.4byte	0x492
 770 032f 45030000 		.4byte	0x345
 771 0333 11       		.uleb128 0x11
 772 0334 01       		.uleb128 0x1
 773 0335 50       		.byte	0x50
 774 0336 01       		.uleb128 0x1
 775 0337 48       		.byte	0x48
 776 0338 11       		.uleb128 0x11
 777 0339 01       		.uleb128 0x1
 778 033a 51       		.byte	0x51
 779 033b 02       		.uleb128 0x2
 780 033c 08       		.byte	0x8
 781 033d 23       		.byte	0x23
 782 033e 11       		.uleb128 0x11
 783 033f 01       		.uleb128 0x1
 784 0340 52       		.byte	0x52
 785 0341 02       		.uleb128 0x2
 786 0342 09       		.byte	0x9
 787 0343 80       		.byte	0x80
 788 0344 00       		.byte	0
 789 0345 10       		.uleb128 0x10
 790 0346 74000000 		.4byte	.LVL17
 791 034a 66040000 		.4byte	0x466
 792 034e 5C030000 		.4byte	0x35c
 793 0352 11       		.uleb128 0x11
 794 0353 01       		.uleb128 0x1
ARM GAS  C:\Users\pc\AppData\Local\Temp\ccyJbdMa.s 			page 19


 795 0354 50       		.byte	0x50
 796 0355 05       		.uleb128 0x5
 797 0356 03       		.byte	0x3
 798 0357 94000000 		.4byte	.LC3
 799 035b 00       		.byte	0
 800 035c 10       		.uleb128 0x10
 801 035d 8C000000 		.4byte	.LVL18
 802 0361 9D040000 		.4byte	0x49d
 803 0365 80030000 		.4byte	0x380
 804 0369 11       		.uleb128 0x11
 805 036a 01       		.uleb128 0x1
 806 036b 50       		.byte	0x50
 807 036c 01       		.uleb128 0x1
 808 036d 48       		.byte	0x48
 809 036e 11       		.uleb128 0x11
 810 036f 01       		.uleb128 0x1
 811 0370 51       		.byte	0x51
 812 0371 01       		.uleb128 0x1
 813 0372 3C       		.byte	0x3c
 814 0373 11       		.uleb128 0x11
 815 0374 01       		.uleb128 0x1
 816 0375 52       		.byte	0x52
 817 0376 01       		.uleb128 0x1
 818 0377 32       		.byte	0x32
 819 0378 11       		.uleb128 0x11
 820 0379 01       		.uleb128 0x1
 821 037a 53       		.byte	0x53
 822 037b 03       		.uleb128 0x3
 823 037c 91       		.byte	0x91
 824 037d A07F     		.sleb128 -96
 825 037f 00       		.byte	0
 826 0380 13       		.uleb128 0x13
 827 0381 A0000000 		.4byte	.LVL20
 828 0385 A8040000 		.4byte	0x4a8
 829 0389 13       		.uleb128 0x13
 830 038a A6000000 		.4byte	.LVL21
 831 038e B3040000 		.4byte	0x4b3
 832 0392 10       		.uleb128 0x10
 833 0393 C0000000 		.4byte	.LVL23
 834 0397 BE040000 		.4byte	0x4be
 835 039b B2030000 		.4byte	0x3b2
 836 039f 11       		.uleb128 0x11
 837 03a0 01       		.uleb128 0x1
 838 03a1 50       		.byte	0x50
 839 03a2 01       		.uleb128 0x1
 840 03a3 48       		.byte	0x48
 841 03a4 11       		.uleb128 0x11
 842 03a5 01       		.uleb128 0x1
 843 03a6 51       		.byte	0x51
 844 03a7 02       		.uleb128 0x2
 845 03a8 08       		.byte	0x8
 846 03a9 27       		.byte	0x27
 847 03aa 11       		.uleb128 0x11
 848 03ab 01       		.uleb128 0x1
 849 03ac 52       		.byte	0x52
 850 03ad 03       		.uleb128 0x3
 851 03ae 91       		.byte	0x91
ARM GAS  C:\Users\pc\AppData\Local\Temp\ccyJbdMa.s 			page 20


 852 03af 977F     		.sleb128 -105
 853 03b1 00       		.byte	0
 854 03b2 10       		.uleb128 0x10
 855 03b3 E6000000 		.4byte	.LVL28
 856 03b7 9D040000 		.4byte	0x49d
 857 03bb D7030000 		.4byte	0x3d7
 858 03bf 11       		.uleb128 0x11
 859 03c0 01       		.uleb128 0x1
 860 03c1 50       		.byte	0x50
 861 03c2 01       		.uleb128 0x1
 862 03c3 48       		.byte	0x48
 863 03c4 11       		.uleb128 0x11
 864 03c5 01       		.uleb128 0x1
 865 03c6 51       		.byte	0x51
 866 03c7 02       		.uleb128 0x2
 867 03c8 08       		.byte	0x8
 868 03c9 28       		.byte	0x28
 869 03ca 11       		.uleb128 0x11
 870 03cb 01       		.uleb128 0x1
 871 03cc 52       		.byte	0x52
 872 03cd 01       		.uleb128 0x1
 873 03ce 36       		.byte	0x36
 874 03cf 11       		.uleb128 0x11
 875 03d0 01       		.uleb128 0x1
 876 03d1 53       		.byte	0x53
 877 03d2 03       		.uleb128 0x3
 878 03d3 91       		.byte	0x91
 879 03d4 987F     		.sleb128 -104
 880 03d6 00       		.byte	0
 881 03d7 12       		.uleb128 0x12
 882 03d8 A4010000 		.4byte	.LVL52
 883 03dc C9040000 		.4byte	0x4c9
 884 03e0 11       		.uleb128 0x11
 885 03e1 01       		.uleb128 0x1
 886 03e2 50       		.byte	0x50
 887 03e3 03       		.uleb128 0x3
 888 03e4 91       		.byte	0x91
 889 03e5 A47F     		.sleb128 -92
 890 03e7 11       		.uleb128 0x11
 891 03e8 01       		.uleb128 0x1
 892 03e9 51       		.byte	0x51
 893 03ea 01       		.uleb128 0x1
 894 03eb 38       		.byte	0x38
 895 03ec 00       		.byte	0
 896 03ed 00       		.byte	0
 897 03ee 14       		.uleb128 0x14
 898 03ef D3000000 		.4byte	0xd3
 899 03f3 FE030000 		.4byte	0x3fe
 900 03f7 15       		.uleb128 0x15
 901 03f8 E6000000 		.4byte	0xe6
 902 03fc 31       		.byte	0x31
 903 03fd 00       		.byte	0
 904 03fe 14       		.uleb128 0x14
 905 03ff 8C000000 		.4byte	0x8c
 906 0403 0E040000 		.4byte	0x40e
 907 0407 15       		.uleb128 0x15
 908 0408 E6000000 		.4byte	0xe6
ARM GAS  C:\Users\pc\AppData\Local\Temp\ccyJbdMa.s 			page 21


 909 040c 07       		.byte	0x7
 910 040d 00       		.byte	0
 911 040e 14       		.uleb128 0x14
 912 040f 8C000000 		.4byte	0x8c
 913 0413 1E040000 		.4byte	0x41e
 914 0417 15       		.uleb128 0x15
 915 0418 E6000000 		.4byte	0xe6
 916 041c 01       		.byte	0x1
 917 041d 00       		.byte	0
 918 041e 14       		.uleb128 0x14
 919 041f 8C000000 		.4byte	0x8c
 920 0423 2E040000 		.4byte	0x42e
 921 0427 15       		.uleb128 0x15
 922 0428 E6000000 		.4byte	0xe6
 923 042c 05       		.byte	0x5
 924 042d 00       		.byte	0
 925 042e 16       		.uleb128 0x16
 926 042f DE020000 		.4byte	.LASF44
 927 0433 06       		.byte	0x6
 928 0434 1207     		.2byte	0x712
 929 0436 3A040000 		.4byte	0x43a
 930 043a 06       		.uleb128 0x6
 931 043b A2000000 		.4byte	0xa2
 932 043f 17       		.uleb128 0x17
 933 0440 EB020000 		.4byte	.LASF45
 934 0444 01       		.byte	0x1
 935 0445 42       		.byte	0x42
 936 0446 DA000000 		.4byte	0xda
 937 044a 05       		.uleb128 0x5
 938 044b 03       		.byte	0x3
 939 044c 00000000 		.4byte	flag_ready0
 940 0450 18       		.uleb128 0x18
 941 0451 7C000000 		.4byte	.LASF46
 942 0455 7C000000 		.4byte	.LASF46
 943 0459 07       		.byte	0x7
 944 045a 5D       		.byte	0x5d
 945 045b 18       		.uleb128 0x18
 946 045c 38010000 		.4byte	.LASF47
 947 0460 38010000 		.4byte	.LASF47
 948 0464 08       		.byte	0x8
 949 0465 E7       		.byte	0xe7
 950 0466 18       		.uleb128 0x18
 951 0467 0A000000 		.4byte	.LASF48
 952 046b 0A000000 		.4byte	.LASF48
 953 046f 09       		.byte	0x9
 954 0470 8B       		.byte	0x8b
 955 0471 18       		.uleb128 0x18
 956 0472 D4010000 		.4byte	.LASF49
 957 0476 D4010000 		.4byte	.LASF49
 958 047a 07       		.byte	0x7
 959 047b 17       		.byte	0x17
 960 047c 18       		.uleb128 0x18
 961 047d 5B030000 		.4byte	.LASF50
 962 0481 5B030000 		.4byte	.LASF50
 963 0485 09       		.byte	0x9
 964 0486 54       		.byte	0x54
 965 0487 18       		.uleb128 0x18
ARM GAS  C:\Users\pc\AppData\Local\Temp\ccyJbdMa.s 			page 22


 966 0488 9D030000 		.4byte	.LASF51
 967 048c 9D030000 		.4byte	.LASF51
 968 0490 0A       		.byte	0xa
 969 0491 76       		.byte	0x76
 970 0492 18       		.uleb128 0x18
 971 0493 98010000 		.4byte	.LASF52
 972 0497 98010000 		.4byte	.LASF52
 973 049b 07       		.byte	0x7
 974 049c 43       		.byte	0x43
 975 049d 18       		.uleb128 0x18
 976 049e 60010000 		.4byte	.LASF53
 977 04a2 60010000 		.4byte	.LASF53
 978 04a6 07       		.byte	0x7
 979 04a7 36       		.byte	0x36
 980 04a8 18       		.uleb128 0x18
 981 04a9 E7000000 		.4byte	.LASF54
 982 04ad E7000000 		.4byte	.LASF54
 983 04b1 0B       		.byte	0xb
 984 04b2 5A       		.byte	0x5a
 985 04b3 18       		.uleb128 0x18
 986 04b4 06010000 		.4byte	.LASF55
 987 04b8 06010000 		.4byte	.LASF55
 988 04bc 0C       		.byte	0xc
 989 04bd 18       		.byte	0x18
 990 04be 18       		.uleb128 0x18
 991 04bf 57000000 		.4byte	.LASF56
 992 04c3 57000000 		.4byte	.LASF56
 993 04c7 07       		.byte	0x7
 994 04c8 28       		.byte	0x28
 995 04c9 18       		.uleb128 0x18
 996 04ca 7A030000 		.4byte	.LASF57
 997 04ce 7A030000 		.4byte	.LASF57
 998 04d2 09       		.byte	0x9
 999 04d3 8C       		.byte	0x8c
 1000 04d4 00       		.byte	0
 1001              		.section	.debug_abbrev,"",%progbits
 1002              	.Ldebug_abbrev0:
 1003 0000 01       		.uleb128 0x1
 1004 0001 11       		.uleb128 0x11
 1005 0002 01       		.byte	0x1
 1006 0003 25       		.uleb128 0x25
 1007 0004 0E       		.uleb128 0xe
 1008 0005 13       		.uleb128 0x13
 1009 0006 0B       		.uleb128 0xb
 1010 0007 03       		.uleb128 0x3
 1011 0008 0E       		.uleb128 0xe
 1012 0009 1B       		.uleb128 0x1b
 1013 000a 0E       		.uleb128 0xe
 1014 000b 55       		.uleb128 0x55
 1015 000c 17       		.uleb128 0x17
 1016 000d 11       		.uleb128 0x11
 1017 000e 01       		.uleb128 0x1
 1018 000f 10       		.uleb128 0x10
 1019 0010 17       		.uleb128 0x17
 1020 0011 00       		.byte	0
 1021 0012 00       		.byte	0
 1022 0013 02       		.uleb128 0x2
ARM GAS  C:\Users\pc\AppData\Local\Temp\ccyJbdMa.s 			page 23


 1023 0014 24       		.uleb128 0x24
 1024 0015 00       		.byte	0
 1025 0016 0B       		.uleb128 0xb
 1026 0017 0B       		.uleb128 0xb
 1027 0018 3E       		.uleb128 0x3e
 1028 0019 0B       		.uleb128 0xb
 1029 001a 03       		.uleb128 0x3
 1030 001b 0E       		.uleb128 0xe
 1031 001c 00       		.byte	0
 1032 001d 00       		.byte	0
 1033 001e 03       		.uleb128 0x3
 1034 001f 16       		.uleb128 0x16
 1035 0020 00       		.byte	0
 1036 0021 03       		.uleb128 0x3
 1037 0022 0E       		.uleb128 0xe
 1038 0023 3A       		.uleb128 0x3a
 1039 0024 0B       		.uleb128 0xb
 1040 0025 3B       		.uleb128 0x3b
 1041 0026 0B       		.uleb128 0xb
 1042 0027 49       		.uleb128 0x49
 1043 0028 13       		.uleb128 0x13
 1044 0029 00       		.byte	0
 1045 002a 00       		.byte	0
 1046 002b 04       		.uleb128 0x4
 1047 002c 24       		.uleb128 0x24
 1048 002d 00       		.byte	0
 1049 002e 0B       		.uleb128 0xb
 1050 002f 0B       		.uleb128 0xb
 1051 0030 3E       		.uleb128 0x3e
 1052 0031 0B       		.uleb128 0xb
 1053 0032 03       		.uleb128 0x3
 1054 0033 08       		.uleb128 0x8
 1055 0034 00       		.byte	0
 1056 0035 00       		.byte	0
 1057 0036 05       		.uleb128 0x5
 1058 0037 16       		.uleb128 0x16
 1059 0038 00       		.byte	0
 1060 0039 03       		.uleb128 0x3
 1061 003a 0E       		.uleb128 0xe
 1062 003b 3A       		.uleb128 0x3a
 1063 003c 0B       		.uleb128 0xb
 1064 003d 3B       		.uleb128 0x3b
 1065 003e 05       		.uleb128 0x5
 1066 003f 49       		.uleb128 0x49
 1067 0040 13       		.uleb128 0x13
 1068 0041 00       		.byte	0
 1069 0042 00       		.byte	0
 1070 0043 06       		.uleb128 0x6
 1071 0044 35       		.uleb128 0x35
 1072 0045 00       		.byte	0
 1073 0046 49       		.uleb128 0x49
 1074 0047 13       		.uleb128 0x13
 1075 0048 00       		.byte	0
 1076 0049 00       		.byte	0
 1077 004a 07       		.uleb128 0x7
 1078 004b 04       		.uleb128 0x4
 1079 004c 01       		.byte	0x1
ARM GAS  C:\Users\pc\AppData\Local\Temp\ccyJbdMa.s 			page 24


 1080 004d 0B       		.uleb128 0xb
 1081 004e 0B       		.uleb128 0xb
 1082 004f 49       		.uleb128 0x49
 1083 0050 13       		.uleb128 0x13
 1084 0051 3A       		.uleb128 0x3a
 1085 0052 0B       		.uleb128 0xb
 1086 0053 3B       		.uleb128 0x3b
 1087 0054 0B       		.uleb128 0xb
 1088 0055 01       		.uleb128 0x1
 1089 0056 13       		.uleb128 0x13
 1090 0057 00       		.byte	0
 1091 0058 00       		.byte	0
 1092 0059 08       		.uleb128 0x8
 1093 005a 28       		.uleb128 0x28
 1094 005b 00       		.byte	0
 1095 005c 03       		.uleb128 0x3
 1096 005d 0E       		.uleb128 0xe
 1097 005e 1C       		.uleb128 0x1c
 1098 005f 0B       		.uleb128 0xb
 1099 0060 00       		.byte	0
 1100 0061 00       		.byte	0
 1101 0062 09       		.uleb128 0x9
 1102 0063 2E       		.uleb128 0x2e
 1103 0064 01       		.byte	0x1
 1104 0065 3F       		.uleb128 0x3f
 1105 0066 19       		.uleb128 0x19
 1106 0067 03       		.uleb128 0x3
 1107 0068 0E       		.uleb128 0xe
 1108 0069 3A       		.uleb128 0x3a
 1109 006a 0B       		.uleb128 0xb
 1110 006b 3B       		.uleb128 0x3b
 1111 006c 0B       		.uleb128 0xb
 1112 006d 27       		.uleb128 0x27
 1113 006e 19       		.uleb128 0x19
 1114 006f 49       		.uleb128 0x49
 1115 0070 13       		.uleb128 0x13
 1116 0071 8701     		.uleb128 0x87
 1117 0073 19       		.uleb128 0x19
 1118 0074 11       		.uleb128 0x11
 1119 0075 01       		.uleb128 0x1
 1120 0076 12       		.uleb128 0x12
 1121 0077 06       		.uleb128 0x6
 1122 0078 40       		.uleb128 0x40
 1123 0079 18       		.uleb128 0x18
 1124 007a 9642     		.uleb128 0x2116
 1125 007c 19       		.uleb128 0x19
 1126 007d 01       		.uleb128 0x1
 1127 007e 13       		.uleb128 0x13
 1128 007f 00       		.byte	0
 1129 0080 00       		.byte	0
 1130 0081 0A       		.uleb128 0xa
 1131 0082 34       		.uleb128 0x34
 1132 0083 00       		.byte	0
 1133 0084 03       		.uleb128 0x3
 1134 0085 0E       		.uleb128 0xe
 1135 0086 3A       		.uleb128 0x3a
 1136 0087 0B       		.uleb128 0xb
ARM GAS  C:\Users\pc\AppData\Local\Temp\ccyJbdMa.s 			page 25


 1137 0088 3B       		.uleb128 0x3b
 1138 0089 0B       		.uleb128 0xb
 1139 008a 49       		.uleb128 0x49
 1140 008b 13       		.uleb128 0x13
 1141 008c 02       		.uleb128 0x2
 1142 008d 18       		.uleb128 0x18
 1143 008e 00       		.byte	0
 1144 008f 00       		.byte	0
 1145 0090 0B       		.uleb128 0xb
 1146 0091 34       		.uleb128 0x34
 1147 0092 00       		.byte	0
 1148 0093 03       		.uleb128 0x3
 1149 0094 0E       		.uleb128 0xe
 1150 0095 3A       		.uleb128 0x3a
 1151 0096 0B       		.uleb128 0xb
 1152 0097 3B       		.uleb128 0x3b
 1153 0098 0B       		.uleb128 0xb
 1154 0099 49       		.uleb128 0x49
 1155 009a 13       		.uleb128 0x13
 1156 009b 1C       		.uleb128 0x1c
 1157 009c 0B       		.uleb128 0xb
 1158 009d 00       		.byte	0
 1159 009e 00       		.byte	0
 1160 009f 0C       		.uleb128 0xc
 1161 00a0 34       		.uleb128 0x34
 1162 00a1 00       		.byte	0
 1163 00a2 03       		.uleb128 0x3
 1164 00a3 0E       		.uleb128 0xe
 1165 00a4 3A       		.uleb128 0x3a
 1166 00a5 0B       		.uleb128 0xb
 1167 00a6 3B       		.uleb128 0x3b
 1168 00a7 0B       		.uleb128 0xb
 1169 00a8 49       		.uleb128 0x49
 1170 00a9 13       		.uleb128 0x13
 1171 00aa 02       		.uleb128 0x2
 1172 00ab 17       		.uleb128 0x17
 1173 00ac 00       		.byte	0
 1174 00ad 00       		.byte	0
 1175 00ae 0D       		.uleb128 0xd
 1176 00af 34       		.uleb128 0x34
 1177 00b0 00       		.byte	0
 1178 00b1 03       		.uleb128 0x3
 1179 00b2 0E       		.uleb128 0xe
 1180 00b3 3A       		.uleb128 0x3a
 1181 00b4 0B       		.uleb128 0xb
 1182 00b5 3B       		.uleb128 0x3b
 1183 00b6 0B       		.uleb128 0xb
 1184 00b7 49       		.uleb128 0x49
 1185 00b8 13       		.uleb128 0x13
 1186 00b9 1C       		.uleb128 0x1c
 1187 00ba 0D       		.uleb128 0xd
 1188 00bb 00       		.byte	0
 1189 00bc 00       		.byte	0
 1190 00bd 0E       		.uleb128 0xe
 1191 00be 0B       		.uleb128 0xb
 1192 00bf 01       		.byte	0x1
 1193 00c0 11       		.uleb128 0x11
ARM GAS  C:\Users\pc\AppData\Local\Temp\ccyJbdMa.s 			page 26


 1194 00c1 01       		.uleb128 0x1
 1195 00c2 12       		.uleb128 0x12
 1196 00c3 06       		.uleb128 0x6
 1197 00c4 01       		.uleb128 0x1
 1198 00c5 13       		.uleb128 0x13
 1199 00c6 00       		.byte	0
 1200 00c7 00       		.byte	0
 1201 00c8 0F       		.uleb128 0xf
 1202 00c9 34       		.uleb128 0x34
 1203 00ca 00       		.byte	0
 1204 00cb 03       		.uleb128 0x3
 1205 00cc 08       		.uleb128 0x8
 1206 00cd 3A       		.uleb128 0x3a
 1207 00ce 0B       		.uleb128 0xb
 1208 00cf 3B       		.uleb128 0x3b
 1209 00d0 0B       		.uleb128 0xb
 1210 00d1 49       		.uleb128 0x49
 1211 00d2 13       		.uleb128 0x13
 1212 00d3 02       		.uleb128 0x2
 1213 00d4 17       		.uleb128 0x17
 1214 00d5 00       		.byte	0
 1215 00d6 00       		.byte	0
 1216 00d7 10       		.uleb128 0x10
 1217 00d8 898201   		.uleb128 0x4109
 1218 00db 01       		.byte	0x1
 1219 00dc 11       		.uleb128 0x11
 1220 00dd 01       		.uleb128 0x1
 1221 00de 31       		.uleb128 0x31
 1222 00df 13       		.uleb128 0x13
 1223 00e0 01       		.uleb128 0x1
 1224 00e1 13       		.uleb128 0x13
 1225 00e2 00       		.byte	0
 1226 00e3 00       		.byte	0
 1227 00e4 11       		.uleb128 0x11
 1228 00e5 8A8201   		.uleb128 0x410a
 1229 00e8 00       		.byte	0
 1230 00e9 02       		.uleb128 0x2
 1231 00ea 18       		.uleb128 0x18
 1232 00eb 9142     		.uleb128 0x2111
 1233 00ed 18       		.uleb128 0x18
 1234 00ee 00       		.byte	0
 1235 00ef 00       		.byte	0
 1236 00f0 12       		.uleb128 0x12
 1237 00f1 898201   		.uleb128 0x4109
 1238 00f4 01       		.byte	0x1
 1239 00f5 11       		.uleb128 0x11
 1240 00f6 01       		.uleb128 0x1
 1241 00f7 31       		.uleb128 0x31
 1242 00f8 13       		.uleb128 0x13
 1243 00f9 00       		.byte	0
 1244 00fa 00       		.byte	0
 1245 00fb 13       		.uleb128 0x13
 1246 00fc 898201   		.uleb128 0x4109
 1247 00ff 00       		.byte	0
 1248 0100 11       		.uleb128 0x11
 1249 0101 01       		.uleb128 0x1
 1250 0102 31       		.uleb128 0x31
ARM GAS  C:\Users\pc\AppData\Local\Temp\ccyJbdMa.s 			page 27


 1251 0103 13       		.uleb128 0x13
 1252 0104 00       		.byte	0
 1253 0105 00       		.byte	0
 1254 0106 14       		.uleb128 0x14
 1255 0107 01       		.uleb128 0x1
 1256 0108 01       		.byte	0x1
 1257 0109 49       		.uleb128 0x49
 1258 010a 13       		.uleb128 0x13
 1259 010b 01       		.uleb128 0x1
 1260 010c 13       		.uleb128 0x13
 1261 010d 00       		.byte	0
 1262 010e 00       		.byte	0
 1263 010f 15       		.uleb128 0x15
 1264 0110 21       		.uleb128 0x21
 1265 0111 00       		.byte	0
 1266 0112 49       		.uleb128 0x49
 1267 0113 13       		.uleb128 0x13
 1268 0114 2F       		.uleb128 0x2f
 1269 0115 0B       		.uleb128 0xb
 1270 0116 00       		.byte	0
 1271 0117 00       		.byte	0
 1272 0118 16       		.uleb128 0x16
 1273 0119 34       		.uleb128 0x34
 1274 011a 00       		.byte	0
 1275 011b 03       		.uleb128 0x3
 1276 011c 0E       		.uleb128 0xe
 1277 011d 3A       		.uleb128 0x3a
 1278 011e 0B       		.uleb128 0xb
 1279 011f 3B       		.uleb128 0x3b
 1280 0120 05       		.uleb128 0x5
 1281 0121 49       		.uleb128 0x49
 1282 0122 13       		.uleb128 0x13
 1283 0123 3F       		.uleb128 0x3f
 1284 0124 19       		.uleb128 0x19
 1285 0125 3C       		.uleb128 0x3c
 1286 0126 19       		.uleb128 0x19
 1287 0127 00       		.byte	0
 1288 0128 00       		.byte	0
 1289 0129 17       		.uleb128 0x17
 1290 012a 34       		.uleb128 0x34
 1291 012b 00       		.byte	0
 1292 012c 03       		.uleb128 0x3
 1293 012d 0E       		.uleb128 0xe
 1294 012e 3A       		.uleb128 0x3a
 1295 012f 0B       		.uleb128 0xb
 1296 0130 3B       		.uleb128 0x3b
 1297 0131 0B       		.uleb128 0xb
 1298 0132 49       		.uleb128 0x49
 1299 0133 13       		.uleb128 0x13
 1300 0134 3F       		.uleb128 0x3f
 1301 0135 19       		.uleb128 0x19
 1302 0136 02       		.uleb128 0x2
 1303 0137 18       		.uleb128 0x18
 1304 0138 00       		.byte	0
 1305 0139 00       		.byte	0
 1306 013a 18       		.uleb128 0x18
 1307 013b 2E       		.uleb128 0x2e
ARM GAS  C:\Users\pc\AppData\Local\Temp\ccyJbdMa.s 			page 28


 1308 013c 00       		.byte	0
 1309 013d 3F       		.uleb128 0x3f
 1310 013e 19       		.uleb128 0x19
 1311 013f 3C       		.uleb128 0x3c
 1312 0140 19       		.uleb128 0x19
 1313 0141 6E       		.uleb128 0x6e
 1314 0142 0E       		.uleb128 0xe
 1315 0143 03       		.uleb128 0x3
 1316 0144 0E       		.uleb128 0xe
 1317 0145 3A       		.uleb128 0x3a
 1318 0146 0B       		.uleb128 0xb
 1319 0147 3B       		.uleb128 0x3b
 1320 0148 0B       		.uleb128 0xb
 1321 0149 00       		.byte	0
 1322 014a 00       		.byte	0
 1323 014b 00       		.byte	0
 1324              		.section	.debug_loc,"",%progbits
 1325              	.Ldebug_loc0:
 1326              	.LLST0:
 1327 0000 42000000 		.4byte	.LVL9
 1328 0004 48000000 		.4byte	.LVL10
 1329 0008 0100     		.2byte	0x1
 1330 000a 50       		.byte	0x50
 1331 000b 56000000 		.4byte	.LVL12
 1332 000f 5C000000 		.4byte	.LVL13
 1333 0013 0100     		.2byte	0x1
 1334 0015 50       		.byte	0x50
 1335 0016 6A000000 		.4byte	.LVL15
 1336 001a 70000000 		.4byte	.LVL16
 1337 001e 0100     		.2byte	0x1
 1338 0020 50       		.byte	0x50
 1339 0021 C0000000 		.4byte	.LVL23
 1340 0025 CC000000 		.4byte	.LVL25
 1341 0029 0100     		.2byte	0x1
 1342 002b 50       		.byte	0x50
 1343 002c E6000000 		.4byte	.LVL28
 1344 0030 1E010000 		.4byte	.LVL33
 1345 0034 0100     		.2byte	0x1
 1346 0036 50       		.byte	0x50
 1347 0037 00000000 		.4byte	0
 1348 003b 00000000 		.4byte	0
 1349              	.LLST1:
 1350 003f FA000000 		.4byte	.LVL29
 1351 0043 1C010000 		.4byte	.LVL32
 1352 0047 0100     		.2byte	0x1
 1353 0049 55       		.byte	0x55
 1354 004a 1C010000 		.4byte	.LVL32
 1355 004e 21010000 		.4byte	.LVL34-1
 1356 0052 1A00     		.2byte	0x1a
 1357 0054 91       		.byte	0x91
 1358 0055 997F     		.sleb128 -103
 1359 0057 94       		.byte	0x94
 1360 0058 01       		.byte	0x1
 1361 0059 08       		.byte	0x8
 1362 005a FF       		.byte	0xff
 1363 005b 1A       		.byte	0x1a
 1364 005c 38       		.byte	0x38
ARM GAS  C:\Users\pc\AppData\Local\Temp\ccyJbdMa.s 			page 29


 1365 005d 24       		.byte	0x24
 1366 005e 91       		.byte	0x91
 1367 005f 987F     		.sleb128 -104
 1368 0061 94       		.byte	0x94
 1369 0062 01       		.byte	0x1
 1370 0063 08       		.byte	0x8
 1371 0064 FF       		.byte	0xff
 1372 0065 1A       		.byte	0x1a
 1373 0066 21       		.byte	0x21
 1374 0067 09       		.byte	0x9
 1375 0068 F4       		.byte	0xf4
 1376 0069 24       		.byte	0x24
 1377 006a 09       		.byte	0x9
 1378 006b FA       		.byte	0xfa
 1379 006c 26       		.byte	0x26
 1380 006d 9F       		.byte	0x9f
 1381 006e 4C010000 		.4byte	.LVL40
 1382 0072 80010000 		.4byte	.LVL49
 1383 0076 0100     		.2byte	0x1
 1384 0078 55       		.byte	0x55
 1385 0079 00000000 		.4byte	0
 1386 007d 00000000 		.4byte	0
 1387              	.LLST2:
 1388 0081 0A010000 		.4byte	.LVL30
 1389 0085 8C010000 		.4byte	.LVL50
 1390 0089 0100     		.2byte	0x1
 1391 008b 5A       		.byte	0x5a
 1392 008c 00000000 		.4byte	0
 1393 0090 00000000 		.4byte	0
 1394              	.LLST3:
 1395 0094 1A010000 		.4byte	.LVL31
 1396 0098 78010000 		.4byte	.LVL48
 1397 009c 0100     		.2byte	0x1
 1398 009e 57       		.byte	0x57
 1399 009f 78010000 		.4byte	.LVL48
 1400 00a3 98010000 		.4byte	.LVL51
 1401 00a7 0100     		.2byte	0x1
 1402 00a9 50       		.byte	0x50
 1403 00aa 00000000 		.4byte	0
 1404 00ae 00000000 		.4byte	0
 1405              	.LLST4:
 1406 00b2 74000000 		.4byte	.LVL17
 1407 00b6 A8000000 		.4byte	.LVL22
 1408 00ba 0200     		.2byte	0x2
 1409 00bc 30       		.byte	0x30
 1410 00bd 9F       		.byte	0x9f
 1411 00be A8000000 		.4byte	.LVL22
 1412 00c2 C6000000 		.4byte	.LVL24
 1413 00c6 0100     		.2byte	0x1
 1414 00c8 54       		.byte	0x54
 1415 00c9 CC000000 		.4byte	.LVL25
 1416 00cd D4010000 		.4byte	.LFE64
 1417 00d1 0100     		.2byte	0x1
 1418 00d3 54       		.byte	0x54
 1419 00d4 00000000 		.4byte	0
 1420 00d8 00000000 		.4byte	0
 1421              	.LLST5:
ARM GAS  C:\Users\pc\AppData\Local\Temp\ccyJbdMa.s 			page 30


 1422 00dc 74000000 		.4byte	.LVL17
 1423 00e0 A8000000 		.4byte	.LVL22
 1424 00e4 0200     		.2byte	0x2
 1425 00e6 30       		.byte	0x30
 1426 00e7 9F       		.byte	0x9f
 1427 00e8 D4000000 		.4byte	.LVL26
 1428 00ec DC000000 		.4byte	.LVL27
 1429 00f0 0600     		.2byte	0x6
 1430 00f2 73       		.byte	0x73
 1431 00f3 00       		.sleb128 0
 1432 00f4 08       		.byte	0x8
 1433 00f5 80       		.byte	0x80
 1434 00f6 1A       		.byte	0x1a
 1435 00f7 9F       		.byte	0x9f
 1436 00f8 DC000000 		.4byte	.LVL27
 1437 00fc E5000000 		.4byte	.LVL28-1
 1438 0100 0900     		.2byte	0x9
 1439 0102 91       		.byte	0x91
 1440 0103 977F     		.sleb128 -105
 1441 0105 94       		.byte	0x94
 1442 0106 01       		.byte	0x1
 1443 0107 09       		.byte	0x9
 1444 0108 80       		.byte	0x80
 1445 0109 1A       		.byte	0x1a
 1446 010a 9F       		.byte	0x9f
 1447 010b 00000000 		.4byte	0
 1448 010f 00000000 		.4byte	0
 1449              	.LLST6:
 1450 0113 16000000 		.4byte	.LVL2
 1451 0117 1A000000 		.4byte	.LVL3
 1452 011b 0200     		.2byte	0x2
 1453 011d 30       		.byte	0x30
 1454 011e 9F       		.byte	0x9f
 1455 011f 1A000000 		.4byte	.LVL3
 1456 0123 A8000000 		.4byte	.LVL22
 1457 0127 0100     		.2byte	0x1
 1458 0129 54       		.byte	0x54
 1459 012a 00000000 		.4byte	0
 1460 012e 00000000 		.4byte	0
 1461              		.section	.debug_aranges,"",%progbits
 1462 0000 1C000000 		.4byte	0x1c
 1463 0004 0200     		.2byte	0x2
 1464 0006 00000000 		.4byte	.Ldebug_info0
 1465 000a 04       		.byte	0x4
 1466 000b 00       		.byte	0
 1467 000c 0000     		.2byte	0
 1468 000e 0000     		.2byte	0
 1469 0010 00000000 		.4byte	.LFB64
 1470 0014 D4010000 		.4byte	.LFE64-.LFB64
 1471 0018 00000000 		.4byte	0
 1472 001c 00000000 		.4byte	0
 1473              		.section	.debug_ranges,"",%progbits
 1474              	.Ldebug_ranges0:
 1475 0000 00000000 		.4byte	.LFB64
 1476 0004 D4010000 		.4byte	.LFE64
 1477 0008 00000000 		.4byte	0
 1478 000c 00000000 		.4byte	0
ARM GAS  C:\Users\pc\AppData\Local\Temp\ccyJbdMa.s 			page 31


 1479              		.section	.debug_line,"",%progbits
 1480              	.Ldebug_line0:
 1481 0000 77020000 		.section	.debug_str,"MS",%progbits,1
 1481      02001702 
 1481      00000201 
 1481      FB0E0D00 
 1481      01010101 
 1482              	.LASF26:
 1483 0000 6374726C 		.ascii	"ctrl_reg1\000"
 1483      5F726567 
 1483      3100
 1484              	.LASF48:
 1485 000a 55415254 		.ascii	"UART_Debug_PutString\000"
 1485      5F446562 
 1485      75675F50 
 1485      75745374 
 1485      72696E67 
 1486              	.LASF29:
 1487 001f 6374726C 		.ascii	"ctrl_reg4\000"
 1487      5F726567 
 1487      3400
 1488              	.LASF38:
 1489 0029 4F757441 		.ascii	"OutArray\000"
 1489      72726179 
 1489      00
 1490              	.LASF3:
 1491 0032 5F5F696E 		.ascii	"__int16_t\000"
 1491      7431365F 
 1491      7400
 1492              	.LASF22:
 1493 003c 4E4F5F45 		.ascii	"NO_ERROR\000"
 1493      52524F52 
 1493      00
 1494              	.LASF40:
 1495 0045 41636344 		.ascii	"AccData\000"
 1495      61746100 
 1496              	.LASF4:
 1497 004d 73686F72 		.ascii	"short int\000"
 1497      7420696E 
 1497      7400
 1498              	.LASF56:
 1499 0057 4932435F 		.ascii	"I2C_Peripheral_ReadRegister\000"
 1499      50657269 
 1499      70686572 
 1499      616C5F52 
 1499      65616452 
 1500              	.LASF21:
 1501 0073 73697A65 		.ascii	"sizetype\000"
 1501      74797065 
 1501      00
 1502              	.LASF46:
 1503 007c 4932435F 		.ascii	"I2C_Peripheral_IsDeviceConnected\000"
 1503      50657269 
 1503      70686572 
 1503      616C5F49 
 1503      73446576 
 1504              	.LASF61:
ARM GAS  C:\Users\pc\AppData\Local\Temp\ccyJbdMa.s 			page 32


 1505 009d 6D61696E 		.ascii	"main\000"
 1505      00
 1506              	.LASF36:
 1507 00a2 68656164 		.ascii	"header\000"
 1507      657200
 1508              	.LASF12:
 1509 00a9 75696E74 		.ascii	"uint8_t\000"
 1509      385F7400 
 1510              	.LASF16:
 1511 00b1 696E7431 		.ascii	"int16\000"
 1511      3600
 1512              	.LASF43:
 1513 00b7 73746174 		.ascii	"status_register\000"
 1513      75735F72 
 1513      65676973 
 1513      74657200 
 1514              	.LASF17:
 1515 00c7 666C6F61 		.ascii	"float\000"
 1515      7400
 1516              	.LASF28:
 1517 00cd 746D705F 		.ascii	"tmp_cfg_reg\000"
 1517      6366675F 
 1517      72656700 
 1518              	.LASF9:
 1519 00d9 6C6F6E67 		.ascii	"long long int\000"
 1519      206C6F6E 
 1519      6720696E 
 1519      7400
 1520              	.LASF54:
 1521 00e7 54696D65 		.ascii	"Timer_Start\000"
 1521      725F5374 
 1521      61727400 
 1522              	.LASF7:
 1523 00f3 6C6F6E67 		.ascii	"long int\000"
 1523      20696E74 
 1523      00
 1524              	.LASF2:
 1525 00fc 5F5F7569 		.ascii	"__uint8_t\000"
 1525      6E74385F 
 1525      7400
 1526              	.LASF55:
 1527 0106 6973725F 		.ascii	"isr_TIMER_StartEx\000"
 1527      54494D45 
 1527      525F5374 
 1527      61727445 
 1527      7800
 1528              	.LASF23:
 1529 0118 4552524F 		.ascii	"ERROR\000"
 1529      5200
 1530              	.LASF20:
 1531 011e 6C6F6E67 		.ascii	"long double\000"
 1531      20646F75 
 1531      626C6500 
 1532              	.LASF1:
 1533 012a 756E7369 		.ascii	"unsigned char\000"
 1533      676E6564 
 1533      20636861 
ARM GAS  C:\Users\pc\AppData\Local\Temp\ccyJbdMa.s 			page 33


 1533      7200
 1534              	.LASF47:
 1535 0138 73707269 		.ascii	"sprintf\000"
 1535      6E746600 
 1536              	.LASF30:
 1537 0140 72656769 		.ascii	"register_count_temp\000"
 1537      73746572 
 1537      5F636F75 
 1537      6E745F74 
 1537      656D7000 
 1538              	.LASF0:
 1539 0154 7369676E 		.ascii	"signed char\000"
 1539      65642063 
 1539      68617200 
 1540              	.LASF53:
 1541 0160 4932435F 		.ascii	"I2C_Peripheral_ReadRegisterMulti\000"
 1541      50657269 
 1541      70686572 
 1541      616C5F52 
 1541      65616452 
 1542              	.LASF10:
 1543 0181 6C6F6E67 		.ascii	"long long unsigned int\000"
 1543      206C6F6E 
 1543      6720756E 
 1543      7369676E 
 1543      65642069 
 1544              	.LASF52:
 1545 0198 4932435F 		.ascii	"I2C_Peripheral_WriteRegister\000"
 1545      50657269 
 1545      70686572 
 1545      616C5F57 
 1545      72697465 
 1546              	.LASF11:
 1547 01b5 756E7369 		.ascii	"unsigned int\000"
 1547      676E6564 
 1547      20696E74 
 1547      00
 1548              	.LASF8:
 1549 01c2 6C6F6E67 		.ascii	"long unsigned int\000"
 1549      20756E73 
 1549      69676E65 
 1549      6420696E 
 1549      7400
 1550              	.LASF49:
 1551 01d4 4932435F 		.ascii	"I2C_Peripheral_Start\000"
 1551      50657269 
 1551      70686572 
 1551      616C5F53 
 1551      74617274 
 1552              	.LASF5:
 1553 01e9 73686F72 		.ascii	"short unsigned int\000"
 1553      7420756E 
 1553      7369676E 
 1553      65642069 
 1553      6E7400
 1554              	.LASF58:
 1555 01fc 474E5520 		.ascii	"GNU C11 5.4.1 20160609 (release) [ARM/embedded-5-br"
ARM GAS  C:\Users\pc\AppData\Local\Temp\ccyJbdMa.s 			page 34


 1555      43313120 
 1555      352E342E 
 1555      31203230 
 1555      31363036 
 1556 022f 616E6368 		.ascii	"anch revision 237715] -mcpu=cortex-m3 -mthumb -g -O"
 1556      20726576 
 1556      6973696F 
 1556      6E203233 
 1556      37373135 
 1557 0262 67202D66 		.ascii	"g -ffunction-sections -ffat-lto-objects\000"
 1557      66756E63 
 1557      74696F6E 
 1557      2D736563 
 1557      74696F6E 
 1558              	.LASF19:
 1559 028a 63686172 		.ascii	"char\000"
 1559      00
 1560              	.LASF39:
 1561 028f 54656D70 		.ascii	"TemperatureData\000"
 1561      65726174 
 1561      75726544 
 1561      61746100 
 1562              	.LASF14:
 1563 029f 696E7433 		.ascii	"int32_t\000"
 1563      325F7400 
 1564              	.LASF13:
 1565 02a7 696E7431 		.ascii	"int16_t\000"
 1565      365F7400 
 1566              	.LASF15:
 1567 02af 75696E74 		.ascii	"uint8\000"
 1567      3800
 1568              	.LASF31:
 1569 02b5 72656769 		.ascii	"register_count_acc\000"
 1569      73746572 
 1569      5F636F75 
 1569      6E745F61 
 1569      636300
 1570              	.LASF59:
 1571 02c8 6D61696E 		.ascii	"main.c\000"
 1571      2E6300
 1572              	.LASF25:
 1573 02cf 6D657373 		.ascii	"message\000"
 1573      61676500 
 1574              	.LASF18:
 1575 02d7 646F7562 		.ascii	"double\000"
 1575      6C6500
 1576              	.LASF44:
 1577 02de 49544D5F 		.ascii	"ITM_RxBuffer\000"
 1577      52784275 
 1577      66666572 
 1577      00
 1578              	.LASF45:
 1579 02eb 666C6167 		.ascii	"flag_ready0\000"
 1579      5F726561 
 1579      64793000 
 1580              	.LASF41:
 1581 02f7 666C6167 		.ascii	"flag_ready1\000"
ARM GAS  C:\Users\pc\AppData\Local\Temp\ccyJbdMa.s 			page 35


 1581      5F726561 
 1581      64793100 
 1582              	.LASF42:
 1583 0303 666C6167 		.ascii	"flag_ready2\000"
 1583      5F726561 
 1583      64793200 
 1584              	.LASF37:
 1585 030f 666F6F74 		.ascii	"footer\000"
 1585      657200
 1586              	.LASF60:
 1587 0316 433A5C55 		.ascii	"C:\\Users\\pc\\Desktop\\a\\PSoC_03\\AY1920_II_HW_05"
 1587      73657273 
 1587      5C70635C 
 1587      4465736B 
 1587      746F705C 
 1588 0343 5F50524F 		.ascii	"_PROJ_2.cydsn\000"
 1588      4A5F322E 
 1588      63796473 
 1588      6E00
 1589              	.LASF6:
 1590 0351 5F5F696E 		.ascii	"__int32_t\000"
 1590      7433325F 
 1590      7400
 1591              	.LASF50:
 1592 035b 55415254 		.ascii	"UART_Debug_Start\000"
 1592      5F446562 
 1592      75675F53 
 1592      74617274 
 1592      00
 1593              	.LASF35:
 1594 036c 4F757454 		.ascii	"OutTemp\000"
 1594      656D7000 
 1595              	.LASF27:
 1596 0374 6572726F 		.ascii	"error\000"
 1596      7200
 1597              	.LASF57:
 1598 037a 55415254 		.ascii	"UART_Debug_PutArray\000"
 1598      5F446562 
 1598      75675F50 
 1598      75744172 
 1598      72617900 
 1599              	.LASF32:
 1600 038e 4F757458 		.ascii	"OutX\000"
 1600      00
 1601              	.LASF33:
 1602 0393 4F757459 		.ascii	"OutY\000"
 1602      00
 1603              	.LASF34:
 1604 0398 4F75745A 		.ascii	"OutZ\000"
 1604      00
 1605              	.LASF51:
 1606 039d 43794465 		.ascii	"CyDelay\000"
 1606      6C617900 
 1607              	.LASF24:
 1608 03a5 4572726F 		.ascii	"ErrorCode\000"
 1608      72436F64 
 1608      6500
ARM GAS  C:\Users\pc\AppData\Local\Temp\ccyJbdMa.s 			page 36


 1609              		.ident	"GCC: (GNU Tools for ARM Embedded Processors) 5.4.1 20160609 (release) [ARM/embedded-5-bran
